# JRE version: OpenJDK Runtime Environment (8.0_202-b03) (build 1.8.0_202-release-1483-b03)
# Java VM: OpenJDK 64-Bit Server VM (25.202-b03 mixed mode windows-amd64 compressed oops)
Heap:
 PSYoungGen      total 470528K, used 91979K [0x00000000e0000000, 0x0000000100000000, 0x0000000100000000)
  eden space 430080K, 11% used [0x00000000e0000000,0x00000000e3258f98,0x00000000fa400000)
  from space 40448K, 99% used [0x00000000fd880000,0x00000000ffff9fc8,0x0000000100000000)
  to   space 47104K, 0% used [0x00000000fa400000,0x00000000fa400000,0x00000000fd200000)
 ParOldGen       total 224768K, used 79309K [0x00000000a0000000, 0x00000000adb80000, 0x00000000e0000000)
  object space 224768K, 35% used [0x00000000a0000000,0x00000000a4d73640,0x00000000adb80000)
 Metaspace       used 100657K, capacity 103878K, committed 104152K, reserved 1140736K
  class space    used 12601K, capacity 13237K, committed 13312K, reserved 1048576K
GC Heap History (10 events):
Event: 262.210 GC heap before
{Heap before GC invocations=30 (full 4):
 PSYoungGen      total 448512K, used 428676K [0x00000000e0000000, 0x00000000fed80000, 0x0000000100000000)
  eden space 415232K, 100% used [0x00000000e0000000,0x00000000f9580000,0x00000000f9580000)
  from space 33280K, 40% used [0x00000000f9580000,0x00000000fa2a1168,0x00000000fb600000)
  to   space 32256K, 0% used [0x00000000fce00000,0x00000000fce00000,0x00000000fed80000)
 ParOldGen       total 224768K, used 73908K [0x00000000a0000000, 0x00000000adb80000, 0x00000000e0000000)
  object space 224768K, 32% used [0x00000000a0000000,0x00000000a482d358,0x00000000adb80000)
 Metaspace       used 100426K, capacity 103620K, committed 103896K, reserved 1140736K
  class space    used 12585K, capacity 13200K, committed 13312K, reserved 1048576K
Event: 262.278 GC heap after
Heap after GC invocations=30 (full 4):
 PSYoungGen      total 472576K, used 22256K [0x00000000e0000000, 0x00000000ffe00000, 0x0000000100000000)
  eden space 440320K, 0% used [0x00000000e0000000,0x00000000e0000000,0x00000000fae00000)
  from space 32256K, 68% used [0x00000000fce00000,0x00000000fe3bc108,0x00000000fed80000)
  to   space 32768K, 0% used [0x00000000fae00000,0x00000000fae00000,0x00000000fce00000)
 ParOldGen       total 224768K, used 73908K [0x00000000a0000000, 0x00000000adb80000, 0x00000000e0000000)
  object space 224768K, 32% used [0x00000000a0000000,0x00000000a482d358,0x00000000adb80000)
 Metaspace       used 100426K, capacity 103620K, committed 103896K, reserved 1140736K
  class space    used 12585K, capacity 13200K, committed 13312K, reserved 1048576K
}
Event: 264.077 GC heap before
{Heap before GC invocations=31 (full 4):
 PSYoungGen      total 472576K, used 462576K [0x00000000e0000000, 0x00000000ffe00000, 0x0000000100000000)
  eden space 440320K, 100% used [0x00000000e0000000,0x00000000fae00000,0x00000000fae00000)
  from space 32256K, 68% used [0x00000000fce00000,0x00000000fe3bc108,0x00000000fed80000)
  to   space 32768K, 0% used [0x00000000fae00000,0x00000000fae00000,0x00000000fce00000)
 ParOldGen       total 224768K, used 75844K [0x00000000a0000000, 0x00000000adb80000, 0x00000000e0000000)
  object space 224768K, 33% used [0x00000000a0000000,0x00000000a4a11170,0x00000000adb80000)
 Metaspace       used 100463K, capacity 103620K, committed 103896K, reserved 1140736K
  class space    used 12585K, capacity 13200K, committed 13312K, reserved 1048576K
Event: 264.107 GC heap after
Heap after GC invocations=31 (full 4):
 PSYoungGen      total 473088K, used 22858K [0x00000000e0000000, 0x0000000100000000, 0x0000000100000000)
  eden space 440320K, 0% used [0x00000000e0000000,0x00000000e0000000,0x00000000fae00000)
  from space 32768K, 69% used [0x00000000fae00000,0x00000000fc452880,0x00000000fce00000)
  to   space 32768K, 0% used [0x00000000fe000000,0x00000000fe000000,0x0000000100000000)
 ParOldGen       total 224768K, used 75852K [0x00000000a0000000, 0x00000000adb80000, 0x00000000e0000000)
  object space 224768K, 33% used [0x00000000a0000000,0x00000000a4a13170,0x00000000adb80000)
 Metaspace       used 100463K, capacity 103620K, committed 103896K, reserved 1140736K
  class space    used 12585K, capacity 13200K, committed 13312K, reserved 1048576K
}
Event: 267.995 GC heap before
{Heap before GC invocations=32 (full 4):
 PSYoungGen      total 473088K, used 463178K [0x00000000e0000000, 0x0000000100000000, 0x0000000100000000)
  eden space 440320K, 100% used [0x00000000e0000000,0x00000000fae00000,0x00000000fae00000)
  from space 32768K, 69% used [0x00000000fae00000,0x00000000fc452880,0x00000000fce00000)
  to   space 32768K, 0% used [0x00000000fe000000,0x00000000fe000000,0x0000000100000000)
 ParOldGen       total 224768K, used 75870K [0x00000000a0000000, 0x00000000adb80000, 0x00000000e0000000)
  object space 224768K, 33% used [0x00000000a0000000,0x00000000a4a17898,0x00000000adb80000)
 Metaspace       used 100546K, capacity 103726K, committed 103896K, reserved 1140736K
  class space    used 12592K, capacity 13233K, committed 13312K, reserved 1048576K
Event: 268.082 GC heap after
Heap after GC invocations=32 (full 4):
 PSYoungGen      total 480256K, used 32755K [0x00000000e0000000, 0x0000000100000000, 0x0000000100000000)
  eden space 447488K, 0% used [0x00000000e0000000,0x00000000e0000000,0x00000000fb500000)
  from space 32768K, 99% used [0x00000000fe000000,0x00000000ffffce28,0x0000000100000000)
  to   space 38400K, 0% used [0x00000000fb500000,0x00000000fb500000,0x00000000fda80000)
 ParOldGen       total 224768K, used 79309K [0x00000000a0000000, 0x00000000adb80000, 0x00000000e0000000)
  object space 224768K, 35% used [0x00000000a0000000,0x00000000a4d73640,0x00000000adb80000)
 Metaspace       used 100546K, capacity 103726K, committed 103896K, reserved 1140736K
  class space    used 12592K, capacity 13233K, committed 13312K, reserved 1048576K
}
Event: 270.408 GC heap before
{Heap before GC invocations=33 (full 4):
 PSYoungGen      total 480256K, used 480243K [0x00000000e0000000, 0x0000000100000000, 0x0000000100000000)
  eden space 447488K, 100% used [0x00000000e0000000,0x00000000fb500000,0x00000000fb500000)
  from space 32768K, 99% used [0x00000000fe000000,0x00000000ffffce28,0x0000000100000000)
  to   space 38400K, 0% used [0x00000000fb500000,0x00000000fb500000,0x00000000fda80000)
 ParOldGen       total 224768K, used 79309K [0x00000000a0000000, 0x00000000adb80000, 0x00000000e0000000)
  object space 224768K, 35% used [0x00000000a0000000,0x00000000a4d73640,0x00000000adb80000)
 Metaspace       used 100565K, capacity 103790K, committed 103896K, reserved 1140736K
  class space    used 12592K, capacity 13233K, committed 13312K, reserved 1048576K
Event: 270.454 GC heap after
Heap after GC invocations=33 (full 4):
 PSYoungGen      total 483840K, used 36282K [0x00000000e0000000, 0x0000000100000000, 0x0000000100000000)
  eden space 447488K, 0% used [0x00000000e0000000,0x00000000e0000000,0x00000000fb500000)
  from space 36352K, 99% used [0x00000000fb500000,0x00000000fd86e830,0x00000000fd880000)
  to   space 40448K, 0% used [0x00000000fd880000,0x00000000fd880000,0x0000000100000000)
 ParOldGen       total 224768K, used 79309K [0x00000000a0000000, 0x00000000adb80000, 0x00000000e0000000)
  object space 224768K, 35% used [0x00000000a0000000,0x00000000a4d73640,0x00000000adb80000)
 Metaspace       used 100565K, capacity 103790K, committed 103896K, reserved 1140736K
  class space    used 12592K, capacity 13233K, committed 13312K, reserved 1048576K
}
Event: 273.577 GC heap before
{Heap before GC invocations=34 (full 4):
 PSYoungGen      total 483840K, used 483770K [0x00000000e0000000, 0x0000000100000000, 0x0000000100000000)
  eden space 447488K, 100% used [0x00000000e0000000,0x00000000fb500000,0x00000000fb500000)
  from space 36352K, 99% used [0x00000000fb500000,0x00000000fd86e830,0x00000000fd880000)
  to   space 40448K, 0% used [0x00000000fd880000,0x00000000fd880000,0x0000000100000000)
 ParOldGen       total 224768K, used 79309K [0x00000000a0000000, 0x00000000adb80000, 0x00000000e0000000)
  object space 224768K, 35% used [0x00000000a0000000,0x00000000a4d73640,0x00000000adb80000)
 Metaspace       used 100655K, capacity 103878K, committed 104152K, reserved 1140736K
  class space    used 12601K, capacity 13237K, committed 13312K, reserved 1048576K
Event: 273.729 GC heap after
Heap after GC invocations=34 (full 4):
 PSYoungGen      total 470528K, used 40423K [0x00000000e0000000, 0x0000000100000000, 0x0000000100000000)
  eden space 430080K, 0% used [0x00000000e0000000,0x00000000e0000000,0x00000000fa400000)
  from space 40448K, 99% used [0x00000000fd880000,0x00000000ffff9fc8,0x0000000100000000)
  to   space 47104K, 0% used [0x00000000fa400000,0x00000000fa400000,0x00000000fd200000)
 ParOldGen       total 224768K, used 79309K [0x00000000a0000000, 0x00000000adb80000, 0x00000000e0000000)
  object space 224768K, 35% used [0x00000000a0000000,0x00000000a4d73640,0x00000000adb80000)
 Metaspace       used 100655K, capacity 103878K, committed 104152K, reserved 1140736K
  class space    used 12601K, capacity 13237K, committed 13312K, reserved 1048576K
}

