# JRE version: OpenJDK Runtime Environment (8.0_202-b03) (build 1.8.0_202-release-1483-b03)
# Java VM: OpenJDK 64-Bit Server VM (25.202-b03 mixed mode windows-amd64 compressed oops)
Heap:
 PSYoungGen      total 274432K, used 78500K [0x00000000e0000000, 0x00000000f4e00000, 0x0000000100000000)
  eden space 222208K, 31% used [0x00000000e0000000,0x00000000e43c1798,0x00000000ed900000)
  from space 52224K, 17% used [0x00000000ed900000,0x00000000ee1e7880,0x00000000f0c00000)
  to   space 51200K, 0% used [0x00000000f1c00000,0x00000000f1c00000,0x00000000f4e00000)
 ParOldGen       total 186880K, used 143377K [0x00000000a0000000, 0x00000000ab680000, 0x00000000e0000000)
  object space 186880K, 76% used [0x00000000a0000000,0x00000000a8c045d0,0x00000000ab680000)
 Metaspace       used 153007K, capacity 157521K, committed 157760K, reserved 1187840K
  class space    used 19146K, capacity 20044K, committed 20096K, reserved 1048576K
GC Heap History (10 events):
Event: 3293.685 GC heap before
{Heap before GC invocations=25 (full 4):
 PSYoungGen      total 223232K, used 199168K [0x00000000e0000000, 0x00000000ef000000, 0x0000000100000000)
  eden space 199168K, 100% used [0x00000000e0000000,0x00000000ec280000,0x00000000ec280000)
  from space 24064K, 0% used [0x00000000ed880000,0x00000000ed880000,0x00000000ef000000)
  to   space 22528K, 0% used [0x00000000ec280000,0x00000000ec280000,0x00000000ed880000)
 ParOldGen       total 186880K, used 59680K [0x00000000a0000000, 0x00000000ab680000, 0x00000000e0000000)
  object space 186880K, 31% used [0x00000000a0000000,0x00000000a3a482c0,0x00000000ab680000)
 Metaspace       used 116826K, capacity 119893K, committed 120384K, reserved 1155072K
  class space    used 14778K, capacity 15460K, committed 15488K, reserved 1048576K
Event: 3293.732 GC heap after
Heap after GC invocations=25 (full 4):
 PSYoungGen      total 221696K, used 22524K [0x00000000e0000000, 0x00000000f1680000, 0x0000000100000000)
  eden space 199168K, 0% used [0x00000000e0000000,0x00000000e0000000,0x00000000ec280000)
  from space 22528K, 99% used [0x00000000ec280000,0x00000000ed87f2c0,0x00000000ed880000)
  to   space 33280K, 0% used [0x00000000ef600000,0x00000000ef600000,0x00000000f1680000)
 ParOldGen       total 186880K, used 80002K [0x00000000a0000000, 0x00000000ab680000, 0x00000000e0000000)
  object space 186880K, 42% used [0x00000000a0000000,0x00000000a4e20aa8,0x00000000ab680000)
 Metaspace       used 116826K, capacity 119893K, committed 120384K, reserved 1155072K
  class space    used 14778K, capacity 15460K, committed 15488K, reserved 1048576K
}
Event: 3303.612 GC heap before
{Heap before GC invocations=26 (full 4):
 PSYoungGen      total 221696K, used 221692K [0x00000000e0000000, 0x00000000f1680000, 0x0000000100000000)
  eden space 199168K, 100% used [0x00000000e0000000,0x00000000ec280000,0x00000000ec280000)
  from space 22528K, 99% used [0x00000000ec280000,0x00000000ed87f2c0,0x00000000ed880000)
  to   space 33280K, 0% used [0x00000000ef600000,0x00000000ef600000,0x00000000f1680000)
 ParOldGen       total 186880K, used 80002K [0x00000000a0000000, 0x00000000ab680000, 0x00000000e0000000)
  object space 186880K, 42% used [0x00000000a0000000,0x00000000a4e20aa8,0x00000000ab680000)
 Metaspace       used 126481K, capacity 129797K, committed 130240K, reserved 1163264K
  class space    used 15834K, capacity 16568K, committed 16640K, reserved 1048576K
Event: 3303.703 GC heap after
Heap after GC invocations=26 (full 4):
 PSYoungGen      total 241152K, used 33259K [0x00000000e0000000, 0x00000000f2b00000, 0x0000000100000000)
  eden space 207872K, 0% used [0x00000000e0000000,0x00000000e0000000,0x00000000ecb00000)
  from space 33280K, 99% used [0x00000000ef600000,0x00000000f167ad88,0x00000000f1680000)
  to   space 44032K, 0% used [0x00000000ecb00000,0x00000000ecb00000,0x00000000ef600000)
 ParOldGen       total 186880K, used 94457K [0x00000000a0000000, 0x00000000ab680000, 0x00000000e0000000)
  object space 186880K, 50% used [0x00000000a0000000,0x00000000a5c3e4a0,0x00000000ab680000)
 Metaspace       used 126481K, capacity 129797K, committed 130240K, reserved 1163264K
  class space    used 15834K, capacity 16568K, committed 16640K, reserved 1048576K
}
Event: 3309.006 GC heap before
{Heap before GC invocations=27 (full 4):
 PSYoungGen      total 241152K, used 241131K [0x00000000e0000000, 0x00000000f2b00000, 0x0000000100000000)
  eden space 207872K, 100% used [0x00000000e0000000,0x00000000ecb00000,0x00000000ecb00000)
  from space 33280K, 99% used [0x00000000ef600000,0x00000000f167ad88,0x00000000f1680000)
  to   space 44032K, 0% used [0x00000000ecb00000,0x00000000ecb00000,0x00000000ef600000)
 ParOldGen       total 186880K, used 94457K [0x00000000a0000000, 0x00000000ab680000, 0x00000000e0000000)
  object space 186880K, 50% used [0x00000000a0000000,0x00000000a5c3e4a0,0x00000000ab680000)
 Metaspace       used 139261K, capacity 142695K, committed 143296K, reserved 1175552K
  class space    used 17304K, capacity 18057K, committed 18176K, reserved 1048576K
Event: 3309.122 GC heap after
Heap after GC invocations=27 (full 4):
 PSYoungGen      total 251904K, used 23873K [0x00000000e0000000, 0x00000000f3680000, 0x0000000100000000)
  eden space 207872K, 0% used [0x00000000e0000000,0x00000000e0000000,0x00000000ecb00000)
  from space 44032K, 54% used [0x00000000ecb00000,0x00000000ee250518,0x00000000ef600000)
  to   space 43520K, 0% used [0x00000000f0c00000,0x00000000f0c00000,0x00000000f3680000)
 ParOldGen       total 186880K, used 127705K [0x00000000a0000000, 0x00000000ab680000, 0x00000000e0000000)
  object space 186880K, 68% used [0x00000000a0000000,0x00000000a7cb6558,0x00000000ab680000)
 Metaspace       used 139261K, capacity 142695K, committed 143296K, reserved 1175552K
  class space    used 17304K, capacity 18057K, committed 18176K, reserved 1048576K
}
Event: 3315.047 GC heap before
{Heap before GC invocations=28 (full 4):
 PSYoungGen      total 251904K, used 231745K [0x00000000e0000000, 0x00000000f3680000, 0x0000000100000000)
  eden space 207872K, 100% used [0x00000000e0000000,0x00000000ecb00000,0x00000000ecb00000)
  from space 44032K, 54% used [0x00000000ecb00000,0x00000000ee250518,0x00000000ef600000)
  to   space 43520K, 0% used [0x00000000f0c00000,0x00000000f0c00000,0x00000000f3680000)
 ParOldGen       total 186880K, used 127705K [0x00000000a0000000, 0x00000000ab680000, 0x00000000e0000000)
  object space 186880K, 68% used [0x00000000a0000000,0x00000000a7cb6558,0x00000000ab680000)
 Metaspace       used 150237K, capacity 154403K, committed 154560K, reserved 1183744K
  class space    used 18764K, capacity 19599K, committed 19712K, reserved 1048576K
Event: 3315.149 GC heap after
Heap after GC invocations=28 (full 4):
 PSYoungGen      total 265728K, used 43495K [0x00000000e0000000, 0x00000000f4880000, 0x0000000100000000)
  eden space 222208K, 0% used [0x00000000e0000000,0x00000000e0000000,0x00000000ed900000)
  from space 43520K, 99% used [0x00000000f0c00000,0x00000000f3679d00,0x00000000f3680000)
  to   space 52224K, 0% used [0x00000000ed900000,0x00000000ed900000,0x00000000f0c00000)
 ParOldGen       total 186880K, used 132244K [0x00000000a0000000, 0x00000000ab680000, 0x00000000e0000000)
  object space 186880K, 70% used [0x00000000a0000000,0x00000000a8125200,0x00000000ab680000)
 Metaspace       used 150237K, capacity 154403K, committed 154560K, reserved 1183744K
  class space    used 18764K, capacity 19599K, committed 19712K, reserved 1048576K
}
Event: 3320.248 GC heap before
{Heap before GC invocations=29 (full 4):
 PSYoungGen      total 265728K, used 264744K [0x00000000e0000000, 0x00000000f4880000, 0x0000000100000000)
  eden space 222208K, 99% used [0x00000000e0000000,0x00000000ed810340,0x00000000ed900000)
  from space 43520K, 99% used [0x00000000f0c00000,0x00000000f3679d00,0x00000000f3680000)
  to   space 52224K, 0% used [0x00000000ed900000,0x00000000ed900000,0x00000000f0c00000)
 ParOldGen       total 186880K, used 132244K [0x00000000a0000000, 0x00000000ab680000, 0x00000000e0000000)
  object space 186880K, 70% used [0x00000000a0000000,0x00000000a8125200,0x00000000ab680000)
 Metaspace       used 151890K, capacity 156203K, committed 156352K, reserved 1185792K
  class space    used 18958K, capacity 19861K, committed 19968K, reserved 1048576K
Event: 3320.276 GC heap after
Heap after GC invocations=29 (full 4):
 PSYoungGen      total 274432K, used 9118K [0x00000000e0000000, 0x00000000f4e00000, 0x0000000100000000)
  eden space 222208K, 0% used [0x00000000e0000000,0x00000000e0000000,0x00000000ed900000)
  from space 52224K, 17% used [0x00000000ed900000,0x00000000ee1e7880,0x00000000f0c00000)
  to   space 51200K, 0% used [0x00000000f1c00000,0x00000000f1c00000,0x00000000f4e00000)
 ParOldGen       total 186880K, used 143377K [0x00000000a0000000, 0x00000000ab680000, 0x00000000e0000000)
  object space 186880K, 76% used [0x00000000a0000000,0x00000000a8c045d0,0x00000000ab680000)
 Metaspace       used 151890K, capacity 156203K, committed 156352K, reserved 1185792K
  class space    used 18958K, capacity 19861K, committed 19968K, reserved 1048576K
}

