# JRE version: OpenJDK Runtime Environment (8.0_202-b03) (build 1.8.0_202-release-1483-b03)
# Java VM: OpenJDK 64-Bit Server VM (25.202-b03 mixed mode windows-amd64 compressed oops)
Heap:
 PSYoungGen      total 247808K, used 112140K [0x00000000e0000000, 0x00000000f1f00000, 0x0000000100000000)
  eden space 217600K, 45% used [0x00000000e0000000,0x00000000e608d2b0,0x00000000ed480000)
  from space 30208K, 43% used [0x00000000ed480000,0x00000000ee176078,0x00000000ef200000)
  to   space 28160K, 0% used [0x00000000f0380000,0x00000000f0380000,0x00000000f1f00000)
 ParOldGen       total 135680K, used 58064K [0x00000000a0000000, 0x00000000a8480000, 0x00000000e0000000)
  object space 135680K, 42% used [0x00000000a0000000,0x00000000a38b4390,0x00000000a8480000)
 Metaspace       used 88840K, capacity 92588K, committed 92888K, reserved 1130496K
  class space    used 11681K, capacity 12392K, committed 12504K, reserved 1048576K
GC Heap History (10 events):
Event: 34.423 GC heap before
{Heap before GC invocations=16 (full 3):
 PSYoungGen      total 188416K, used 169984K [0x00000000e0000000, 0x00000000ed400000, 0x0000000100000000)
  eden space 169984K, 100% used [0x00000000e0000000,0x00000000ea600000,0x00000000ea600000)
  from space 18432K, 0% used [0x00000000eb800000,0x00000000eb800000,0x00000000eca00000)
  to   space 18432K, 0% used [0x00000000ea600000,0x00000000ea600000,0x00000000eb800000)
 ParOldGen       total 135680K, used 31692K [0x00000000a0000000, 0x00000000a8480000, 0x00000000e0000000)
  object space 135680K, 23% used [0x00000000a0000000,0x00000000a1ef3070,0x00000000a8480000)
 Metaspace       used 65438K, capacity 67368K, committed 67672K, reserved 1107968K
  class space    used 8549K, capacity 8992K, committed 9048K, reserved 1048576K
Event: 34.453 GC heap after
Heap after GC invocations=16 (full 3):
 PSYoungGen      total 188416K, used 15178K [0x00000000e0000000, 0x00000000eea00000, 0x0000000100000000)
  eden space 169984K, 0% used [0x00000000e0000000,0x00000000e0000000,0x00000000ea600000)
  from space 18432K, 82% used [0x00000000ea600000,0x00000000eb4d2ae8,0x00000000eb800000)
  to   space 19968K, 0% used [0x00000000ed680000,0x00000000ed680000,0x00000000eea00000)
 ParOldGen       total 135680K, used 31700K [0x00000000a0000000, 0x00000000a8480000, 0x00000000e0000000)
  object space 135680K, 23% used [0x00000000a0000000,0x00000000a1ef5070,0x00000000a8480000)
 Metaspace       used 65438K, capacity 67368K, committed 67672K, reserved 1107968K
  class space    used 8549K, capacity 8992K, committed 9048K, reserved 1048576K
}
Event: 39.287 GC heap before
{Heap before GC invocations=17 (full 3):
 PSYoungGen      total 188416K, used 185162K [0x00000000e0000000, 0x00000000eea00000, 0x0000000100000000)
  eden space 169984K, 100% used [0x00000000e0000000,0x00000000ea600000,0x00000000ea600000)
  from space 18432K, 82% used [0x00000000ea600000,0x00000000eb4d2ae8,0x00000000eb800000)
  to   space 19968K, 0% used [0x00000000ed680000,0x00000000ed680000,0x00000000eea00000)
 ParOldGen       total 135680K, used 31700K [0x00000000a0000000, 0x00000000a8480000, 0x00000000e0000000)
  object space 135680K, 23% used [0x00000000a0000000,0x00000000a1ef5070,0x00000000a8480000)
 Metaspace       used 68799K, capacity 71038K, committed 71256K, reserved 1112064K
  class space    used 8958K, capacity 9451K, committed 9560K, reserved 1048576K
Event: 39.322 GC heap after
Heap after GC invocations=17 (full 3):
 PSYoungGen      total 216576K, used 19941K [0x00000000e0000000, 0x00000000eed80000, 0x0000000100000000)
  eden space 196608K, 0% used [0x00000000e0000000,0x00000000e0000000,0x00000000ec000000)
  from space 19968K, 99% used [0x00000000ed680000,0x00000000ee9f95d8,0x00000000eea00000)
  to   space 23040K, 0% used [0x00000000ec000000,0x00000000ec000000,0x00000000ed680000)
 ParOldGen       total 135680K, used 31824K [0x00000000a0000000, 0x00000000a8480000, 0x00000000e0000000)
  object space 135680K, 23% used [0x00000000a0000000,0x00000000a1f14028,0x00000000a8480000)
 Metaspace       used 68799K, capacity 71038K, committed 71256K, reserved 1112064K
  class space    used 8958K, capacity 9451K, committed 9560K, reserved 1048576K
}
Event: 64.091 GC heap before
{Heap before GC invocations=18 (full 3):
 PSYoungGen      total 216576K, used 216549K [0x00000000e0000000, 0x00000000eed80000, 0x0000000100000000)
  eden space 196608K, 100% used [0x00000000e0000000,0x00000000ec000000,0x00000000ec000000)
  from space 19968K, 99% used [0x00000000ed680000,0x00000000ee9f95d8,0x00000000eea00000)
  to   space 23040K, 0% used [0x00000000ec000000,0x00000000ec000000,0x00000000ed680000)
 ParOldGen       total 135680K, used 31824K [0x00000000a0000000, 0x00000000a8480000, 0x00000000e0000000)
  object space 135680K, 23% used [0x00000000a0000000,0x00000000a1f14028,0x00000000a8480000)
 Metaspace       used 74356K, capacity 76820K, committed 76888K, reserved 1116160K
  class space    used 9746K, capacity 10276K, committed 10328K, reserved 1048576K
Event: 64.139 GC heap after
Heap after GC invocations=18 (full 3):
 PSYoungGen      total 219648K, used 20639K [0x00000000e0000000, 0x00000000f0a80000, 0x0000000100000000)
  eden space 196608K, 0% used [0x00000000e0000000,0x00000000e0000000,0x00000000ec000000)
  from space 23040K, 89% used [0x00000000ec000000,0x00000000ed427f80,0x00000000ed680000)
  to   space 25088K, 0% used [0x00000000ef200000,0x00000000ef200000,0x00000000f0a80000)
 ParOldGen       total 135680K, used 41519K [0x00000000a0000000, 0x00000000a8480000, 0x00000000e0000000)
  object space 135680K, 30% used [0x00000000a0000000,0x00000000a288bde0,0x00000000a8480000)
 Metaspace       used 74356K, capacity 76820K, committed 76888K, reserved 1116160K
  class space    used 9746K, capacity 10276K, committed 10328K, reserved 1048576K
}
Event: 71.854 GC heap before
{Heap before GC invocations=19 (full 3):
 PSYoungGen      total 219648K, used 217247K [0x00000000e0000000, 0x00000000f0a80000, 0x0000000100000000)
  eden space 196608K, 100% used [0x00000000e0000000,0x00000000ec000000,0x00000000ec000000)
  from space 23040K, 89% used [0x00000000ec000000,0x00000000ed427f80,0x00000000ed680000)
  to   space 25088K, 0% used [0x00000000ef200000,0x00000000ef200000,0x00000000f0a80000)
 ParOldGen       total 135680K, used 41519K [0x00000000a0000000, 0x00000000a8480000, 0x00000000e0000000)
  object space 135680K, 30% used [0x00000000a0000000,0x00000000a288bde0,0x00000000a8480000)
 Metaspace       used 87947K, capacity 91560K, committed 91736K, reserved 1128448K
  class space    used 11652K, capacity 12340K, committed 12376K, reserved 1048576K
Event: 72.050 GC heap after
Heap after GC invocations=19 (full 3):
 PSYoungGen      total 242688K, used 25070K [0x00000000e0000000, 0x00000000f1b80000, 0x0000000100000000)
  eden space 217600K, 0% used [0x00000000e0000000,0x00000000e0000000,0x00000000ed480000)
  from space 25088K, 99% used [0x00000000ef200000,0x00000000f0a7b958,0x00000000f0a80000)
  to   space 30208K, 0% used [0x00000000ed480000,0x00000000ed480000,0x00000000ef200000)
 ParOldGen       total 135680K, used 44282K [0x00000000a0000000, 0x00000000a8480000, 0x00000000e0000000)
  object space 135680K, 32% used [0x00000000a0000000,0x00000000a2b3e9d0,0x00000000a8480000)
 Metaspace       used 87947K, capacity 91560K, committed 91736K, reserved 1128448K
  class space    used 11652K, capacity 12340K, committed 12376K, reserved 1048576K
}
Event: 160.048 GC heap before
{Heap before GC invocations=20 (full 3):
 PSYoungGen      total 242688K, used 242670K [0x00000000e0000000, 0x00000000f1b80000, 0x0000000100000000)
  eden space 217600K, 100% used [0x00000000e0000000,0x00000000ed480000,0x00000000ed480000)
  from space 25088K, 99% used [0x00000000ef200000,0x00000000f0a7b958,0x00000000f0a80000)
  to   space 30208K, 0% used [0x00000000ed480000,0x00000000ed480000,0x00000000ef200000)
 ParOldGen       total 135680K, used 44282K [0x00000000a0000000, 0x00000000a8480000, 0x00000000e0000000)
  object space 135680K, 32% used [0x00000000a0000000,0x00000000a2b3e9d0,0x00000000a8480000)
 Metaspace       used 88572K, capacity 92252K, committed 92504K, reserved 1130496K
  class space    used 11668K, capacity 12368K, committed 12376K, reserved 1048576K
Event: 160.114 GC heap after
Heap after GC invocations=20 (full 3):
 PSYoungGen      total 247808K, used 13272K [0x00000000e0000000, 0x00000000f1f00000, 0x0000000100000000)
  eden space 217600K, 0% used [0x00000000e0000000,0x00000000e0000000,0x00000000ed480000)
  from space 30208K, 43% used [0x00000000ed480000,0x00000000ee176078,0x00000000ef200000)
  to   space 28160K, 0% used [0x00000000f0380000,0x00000000f0380000,0x00000000f1f00000)
 ParOldGen       total 135680K, used 58064K [0x00000000a0000000, 0x00000000a8480000, 0x00000000e0000000)
  object space 135680K, 42% used [0x00000000a0000000,0x00000000a38b4390,0x00000000a8480000)
 Metaspace       used 88572K, capacity 92252K, committed 92504K, reserved 1130496K
  class space    used 11668K, capacity 12368K, committed 12376K, reserved 1048576K
}

