# JRE version: OpenJDK Runtime Environment (8.0_202-b03) (build 1.8.0_202-release-1483-b03)
# Java VM: OpenJDK 64-Bit Server VM (25.202-b03 mixed mode windows-amd64 compressed oops)
Heap:
 PSYoungGen      total 76800K, used 45265K [0x00000000d5d00000, 0x00000000dcf80000, 0x0000000100000000)
  eden space 61440K, 73% used [0x00000000d5d00000,0x00000000d8934630,0x00000000d9900000)
  from space 15360K, 0% used [0x00000000da800000,0x00000000da800000,0x00000000db700000)
  to   space 15360K, 0% used [0x00000000d9900000,0x00000000d9900000,0x00000000da800000)
 ParOldGen       total 127488K, used 23481K [0x0000000081600000, 0x0000000089280000, 0x00000000d5d00000)
  object space 127488K, 18% used [0x0000000081600000,0x0000000082cee5b0,0x0000000089280000)
 Metaspace       used 39845K, capacity 40474K, committed 40704K, reserved 1085440K
  class space    used 5095K, capacity 5289K, committed 5376K, reserved 1048576K
GC Heap History (10 events):
Event: 2.889 GC heap before
{Heap before GC invocations=4 (full 1):
 PSYoungGen      total 38400K, used 5104K [0x00000000d5d00000, 0x00000000da800000, 0x0000000100000000)
  eden space 33280K, 0% used [0x00000000d5d00000,0x00000000d5d00000,0x00000000d7d80000)
  from space 5120K, 99% used [0x00000000d7d80000,0x00000000d827c010,0x00000000d8280000)
  to   space 5120K, 0% used [0x00000000da300000,0x00000000da300000,0x00000000da800000)
 ParOldGen       total 87552K, used 11036K [0x0000000081600000, 0x0000000086b80000, 0x00000000d5d00000)
  object space 87552K, 12% used [0x0000000081600000,0x00000000820c7380,0x0000000086b80000)
 Metaspace       used 20733K, capacity 21168K, committed 21296K, reserved 1067008K
  class space    used 2716K, capacity 2872K, committed 2944K, reserved 1048576K
Event: 2.955 GC heap after
Heap after GC invocations=4 (full 1):
 PSYoungGen      total 38400K, used 0K [0x00000000d5d00000, 0x00000000da800000, 0x0000000100000000)
  eden space 33280K, 0% used [0x00000000d5d00000,0x00000000d5d00000,0x00000000d7d80000)
  from space 5120K, 0% used [0x00000000d7d80000,0x00000000d7d80000,0x00000000d8280000)
  to   space 5120K, 0% used [0x00000000da300000,0x00000000da300000,0x00000000da800000)
 ParOldGen       total 68096K, used 8300K [0x0000000081600000, 0x0000000085880000, 0x00000000d5d00000)
  object space 68096K, 12% used [0x0000000081600000,0x0000000081e1b3c0,0x0000000085880000)
 Metaspace       used 20733K, capacity 21168K, committed 21296K, reserved 1067008K
  class space    used 2716K, capacity 2872K, committed 2944K, reserved 1048576K
}
Event: 3.998 GC heap before
{Heap before GC invocations=5 (full 1):
 PSYoungGen      total 38400K, used 33280K [0x00000000d5d00000, 0x00000000da800000, 0x0000000100000000)
  eden space 33280K, 100% used [0x00000000d5d00000,0x00000000d7d80000,0x00000000d7d80000)
  from space 5120K, 0% used [0x00000000d7d80000,0x00000000d7d80000,0x00000000d8280000)
  to   space 5120K, 0% used [0x00000000da300000,0x00000000da300000,0x00000000da800000)
 ParOldGen       total 68096K, used 8300K [0x0000000081600000, 0x0000000085880000, 0x00000000d5d00000)
  object space 68096K, 12% used [0x0000000081600000,0x0000000081e1b3c0,0x0000000085880000)
 Metaspace       used 25303K, capacity 25762K, committed 25984K, reserved 1071104K
  class space    used 3312K, capacity 3446K, committed 3456K, reserved 1048576K
Event: 4.008 GC heap after
Heap after GC invocations=5 (full 1):
 PSYoungGen      total 50176K, used 5088K [0x00000000d5d00000, 0x00000000da800000, 0x0000000100000000)
  eden space 45056K, 0% used [0x00000000d5d00000,0x00000000d5d00000,0x00000000d8900000)
  from space 5120K, 99% used [0x00000000da300000,0x00000000da7f8218,0x00000000da800000)
  to   space 5120K, 0% used [0x00000000d9e00000,0x00000000d9e00000,0x00000000da300000)
 ParOldGen       total 68096K, used 10809K [0x0000000081600000, 0x0000000085880000, 0x00000000d5d00000)
  object space 68096K, 15% used [0x0000000081600000,0x000000008208e740,0x0000000085880000)
 Metaspace       used 25303K, capacity 25762K, committed 25984K, reserved 1071104K
  class space    used 3312K, capacity 3446K, committed 3456K, reserved 1048576K
}
Event: 5.236 GC heap before
{Heap before GC invocations=6 (full 1):
 PSYoungGen      total 50176K, used 50144K [0x00000000d5d00000, 0x00000000da800000, 0x0000000100000000)
  eden space 45056K, 100% used [0x00000000d5d00000,0x00000000d8900000,0x00000000d8900000)
  from space 5120K, 99% used [0x00000000da300000,0x00000000da7f8218,0x00000000da800000)
  to   space 5120K, 0% used [0x00000000d9e00000,0x00000000d9e00000,0x00000000da300000)
 ParOldGen       total 68096K, used 10809K [0x0000000081600000, 0x0000000085880000, 0x00000000d5d00000)
  object space 68096K, 15% used [0x0000000081600000,0x000000008208e740,0x0000000085880000)
 Metaspace       used 32584K, capacity 33098K, committed 33280K, reserved 1079296K
  class space    used 4178K, capacity 4320K, committed 4352K, reserved 1048576K
Event: 5.252 GC heap after
Heap after GC invocations=6 (full 1):
 PSYoungGen      total 66560K, used 5095K [0x00000000d5d00000, 0x00000000db700000, 0x0000000100000000)
  eden space 61440K, 0% used [0x00000000d5d00000,0x00000000d5d00000,0x00000000d9900000)
  from space 5120K, 99% used [0x00000000d9e00000,0x00000000da2f9fd8,0x00000000da300000)
  to   space 15360K, 0% used [0x00000000da800000,0x00000000da800000,0x00000000db700000)
 ParOldGen       total 68096K, used 21832K [0x0000000081600000, 0x0000000085880000, 0x00000000d5d00000)
  object space 68096K, 32% used [0x0000000081600000,0x0000000082b522d8,0x0000000085880000)
 Metaspace       used 32584K, capacity 33098K, committed 33280K, reserved 1079296K
  class space    used 4178K, capacity 4320K, committed 4352K, reserved 1048576K
}
Event: 5.684 GC heap before
{Heap before GC invocations=7 (full 1):
 PSYoungGen      total 66560K, used 13906K [0x00000000d5d00000, 0x00000000db700000, 0x0000000100000000)
  eden space 61440K, 14% used [0x00000000d5d00000,0x00000000d659a9f8,0x00000000d9900000)
  from space 5120K, 99% used [0x00000000d9e00000,0x00000000da2f9fd8,0x00000000da300000)
  to   space 15360K, 0% used [0x00000000da800000,0x00000000da800000,0x00000000db700000)
 ParOldGen       total 68096K, used 21832K [0x0000000081600000, 0x0000000085880000, 0x00000000d5d00000)
  object space 68096K, 32% used [0x0000000081600000,0x0000000082b522d8,0x0000000085880000)
 Metaspace       used 34782K, capacity 35330K, committed 35496K, reserved 1081344K
  class space    used 4444K, capacity 4589K, committed 4608K, reserved 1048576K
Event: 5.695 GC heap after
Heap after GC invocations=7 (full 1):
 PSYoungGen      total 76800K, used 7548K [0x00000000d5d00000, 0x00000000dcf80000, 0x0000000100000000)
  eden space 61440K, 0% used [0x00000000d5d00000,0x00000000d5d00000,0x00000000d9900000)
  from space 15360K, 49% used [0x00000000da800000,0x00000000daf5f210,0x00000000db700000)
  to   space 15360K, 0% used [0x00000000d9900000,0x00000000d9900000,0x00000000da800000)
 ParOldGen       total 68096K, used 21893K [0x0000000081600000, 0x0000000085880000, 0x00000000d5d00000)
  object space 68096K, 32% used [0x0000000081600000,0x0000000082b61738,0x0000000085880000)
 Metaspace       used 34782K, capacity 35330K, committed 35496K, reserved 1081344K
  class space    used 4444K, capacity 4589K, committed 4608K, reserved 1048576K
}
Event: 5.695 GC heap before
{Heap before GC invocations=8 (full 2):
 PSYoungGen      total 76800K, used 7548K [0x00000000d5d00000, 0x00000000dcf80000, 0x0000000100000000)
  eden space 61440K, 0% used [0x00000000d5d00000,0x00000000d5d00000,0x00000000d9900000)
  from space 15360K, 49% used [0x00000000da800000,0x00000000daf5f210,0x00000000db700000)
  to   space 15360K, 0% used [0x00000000d9900000,0x00000000d9900000,0x00000000da800000)
 ParOldGen       total 68096K, used 21893K [0x0000000081600000, 0x0000000085880000, 0x00000000d5d00000)
  object space 68096K, 32% used [0x0000000081600000,0x0000000082b61738,0x0000000085880000)
 Metaspace       used 34782K, capacity 35330K, committed 35496K, reserved 1081344K
  class space    used 4444K, capacity 4589K, committed 4608K, reserved 1048576K
Event: 5.851 GC heap after
Heap after GC invocations=8 (full 2):
 PSYoungGen      total 76800K, used 0K [0x00000000d5d00000, 0x00000000dcf80000, 0x0000000100000000)
  eden space 61440K, 0% used [0x00000000d5d00000,0x00000000d5d00000,0x00000000d9900000)
  from space 15360K, 0% used [0x00000000da800000,0x00000000da800000,0x00000000db700000)
  to   space 15360K, 0% used [0x00000000d9900000,0x00000000d9900000,0x00000000da800000)
 ParOldGen       total 127488K, used 23481K [0x0000000081600000, 0x0000000089280000, 0x00000000d5d00000)
  object space 127488K, 18% used [0x0000000081600000,0x0000000082cee5b0,0x0000000089280000)
 Metaspace       used 34782K, capacity 35330K, committed 35496K, reserved 1081344K
  class space    used 4444K, capacity 4589K, committed 4608K, reserved 1048576K
}

