# JRE version: OpenJDK Runtime Environment (8.0_202-b03) (build 1.8.0_202-release-1483-b03)
# Java VM: OpenJDK 64-Bit Server VM (25.202-b03 mixed mode windows-amd64 compressed oops)
Heap:
 PSYoungGen      total 367616K, used 122926K [0x00000000e0000000, 0x00000000f9680000, 0x0000000100000000)
  eden space 326144K, 27% used [0x00000000e0000000,0x00000000e58e9368,0x00000000f3e80000)
  from space 41472K, 76% used [0x00000000f6a80000,0x00000000f89a25c0,0x00000000f9300000)
  to   space 45056K, 0% used [0x00000000f3e80000,0x00000000f3e80000,0x00000000f6a80000)
 ParOldGen       total 158720K, used 115018K [0x00000000a0000000, 0x00000000a9b00000, 0x00000000e0000000)
  object space 158720K, 72% used [0x00000000a0000000,0x00000000a7052aa8,0x00000000a9b00000)
 Metaspace       used 140576K, capacity 144673K, committed 144832K, reserved 1175552K
  class space    used 17761K, capacity 18606K, committed 18688K, reserved 1048576K
GC Heap History (10 events):
Event: 178.963 GC heap before
{Heap before GC invocations=20 (full 3):
 PSYoungGen      total 253952K, used 253951K [0x00000000e0000000, 0x00000000f1080000, 0x0000000100000000)
  eden space 239616K, 100% used [0x00000000e0000000,0x00000000eea00000,0x00000000eea00000)
  from space 14336K, 99% used [0x00000000f0280000,0x00000000f107fca0,0x00000000f1080000)
  to   space 18944K, 0% used [0x00000000eeb80000,0x00000000eeb80000,0x00000000efe00000)
 ParOldGen       total 98304K, used 45060K [0x00000000a0000000, 0x00000000a6000000, 0x00000000e0000000)
  object space 98304K, 45% used [0x00000000a0000000,0x00000000a2c01090,0x00000000a6000000)
 Metaspace       used 90494K, capacity 93385K, committed 93656K, reserved 1130496K
  class space    used 11645K, capacity 12279K, committed 12288K, reserved 1048576K
Event: 179.017 GC heap after
Heap after GC invocations=20 (full 3):
 PSYoungGen      total 260096K, used 18933K [0x00000000e0000000, 0x00000000f4c80000, 0x0000000100000000)
  eden space 241152K, 0% used [0x00000000e0000000,0x00000000e0000000,0x00000000eeb80000)
  from space 18944K, 99% used [0x00000000eeb80000,0x00000000efdfd450,0x00000000efe00000)
  to   space 30208K, 0% used [0x00000000f2f00000,0x00000000f2f00000,0x00000000f4c80000)
 ParOldGen       total 98304K, used 67495K [0x00000000a0000000, 0x00000000a6000000, 0x00000000e0000000)
  object space 98304K, 68% used [0x00000000a0000000,0x00000000a41e9ed8,0x00000000a6000000)
 Metaspace       used 90494K, capacity 93385K, committed 93656K, reserved 1130496K
  class space    used 11645K, capacity 12279K, committed 12288K, reserved 1048576K
}
Event: 179.997 GC heap before
{Heap before GC invocations=21 (full 3):
 PSYoungGen      total 260096K, used 45223K [0x00000000e0000000, 0x00000000f4c80000, 0x0000000100000000)
  eden space 241152K, 10% used [0x00000000e0000000,0x00000000e19acb20,0x00000000eeb80000)
  from space 18944K, 99% used [0x00000000eeb80000,0x00000000efdfd450,0x00000000efe00000)
  to   space 30208K, 0% used [0x00000000f2f00000,0x00000000f2f00000,0x00000000f4c80000)
 ParOldGen       total 98304K, used 67495K [0x00000000a0000000, 0x00000000a6000000, 0x00000000e0000000)
  object space 98304K, 68% used [0x00000000a0000000,0x00000000a41e9ed8,0x00000000a6000000)
 Metaspace       used 95391K, capacity 98275K, committed 98496K, reserved 1134592K
  class space    used 12443K, capacity 13051K, committed 13056K, reserved 1048576K
Event: 180.024 GC heap after
Heap after GC invocations=21 (full 3):
 PSYoungGen      total 310784K, used 7006K [0x00000000e0000000, 0x00000000f4c00000, 0x0000000100000000)
  eden space 281088K, 0% used [0x00000000e0000000,0x00000000e0000000,0x00000000f1280000)
  from space 29696K, 23% used [0x00000000f2f00000,0x00000000f35d7848,0x00000000f4c00000)
  to   space 29184K, 0% used [0x00000000f1280000,0x00000000f1280000,0x00000000f2f00000)
 ParOldGen       total 98304K, used 80016K [0x00000000a0000000, 0x00000000a6000000, 0x00000000e0000000)
  object space 98304K, 81% used [0x00000000a0000000,0x00000000a4e24338,0x00000000a6000000)
 Metaspace       used 95391K, capacity 98275K, committed 98496K, reserved 1134592K
  class space    used 12443K, capacity 13051K, committed 13056K, reserved 1048576K
}
Event: 180.024 GC heap before
{Heap before GC invocations=22 (full 4):
 PSYoungGen      total 310784K, used 7006K [0x00000000e0000000, 0x00000000f4c00000, 0x0000000100000000)
  eden space 281088K, 0% used [0x00000000e0000000,0x00000000e0000000,0x00000000f1280000)
  from space 29696K, 23% used [0x00000000f2f00000,0x00000000f35d7848,0x00000000f4c00000)
  to   space 29184K, 0% used [0x00000000f1280000,0x00000000f1280000,0x00000000f2f00000)
 ParOldGen       total 98304K, used 80016K [0x00000000a0000000, 0x00000000a6000000, 0x00000000e0000000)
  object space 98304K, 81% used [0x00000000a0000000,0x00000000a4e24338,0x00000000a6000000)
 Metaspace       used 95391K, capacity 98275K, committed 98496K, reserved 1134592K
  class space    used 12443K, capacity 13051K, committed 13056K, reserved 1048576K
Event: 180.481 GC heap after
Heap after GC invocations=22 (full 4):
 PSYoungGen      total 310784K, used 0K [0x00000000e0000000, 0x00000000f4c00000, 0x0000000100000000)
  eden space 281088K, 0% used [0x00000000e0000000,0x00000000e0000000,0x00000000f1280000)
  from space 29696K, 0% used [0x00000000f2f00000,0x00000000f2f00000,0x00000000f4c00000)
  to   space 29184K, 0% used [0x00000000f1280000,0x00000000f1280000,0x00000000f2f00000)
 ParOldGen       total 158720K, used 66498K [0x00000000a0000000, 0x00000000a9b00000, 0x00000000e0000000)
  object space 158720K, 41% used [0x00000000a0000000,0x00000000a40f0be0,0x00000000a9b00000)
 Metaspace       used 95288K, capacity 97977K, committed 98496K, reserved 1134592K
  class space    used 12411K, capacity 12994K, committed 13056K, reserved 1048576K
}
Event: 195.808 GC heap before
{Heap before GC invocations=23 (full 4):
 PSYoungGen      total 310784K, used 281088K [0x00000000e0000000, 0x00000000f4c00000, 0x0000000100000000)
  eden space 281088K, 100% used [0x00000000e0000000,0x00000000f1280000,0x00000000f1280000)
  from space 29696K, 0% used [0x00000000f2f00000,0x00000000f2f00000,0x00000000f4c00000)
  to   space 29184K, 0% used [0x00000000f1280000,0x00000000f1280000,0x00000000f2f00000)
 ParOldGen       total 158720K, used 66498K [0x00000000a0000000, 0x00000000a9b00000, 0x00000000e0000000)
  object space 158720K, 41% used [0x00000000a0000000,0x00000000a40f0be0,0x00000000a9b00000)
 Metaspace       used 117937K, capacity 121233K, committed 121664K, reserved 1155072K
  class space    used 14988K, capacity 15702K, committed 15744K, reserved 1048576K
Event: 195.940 GC heap after
Heap after GC invocations=23 (full 4):
 PSYoungGen      total 310272K, used 29160K [0x00000000e0000000, 0x00000000f9300000, 0x0000000100000000)
  eden space 281088K, 0% used [0x00000000e0000000,0x00000000e0000000,0x00000000f1280000)
  from space 29184K, 99% used [0x00000000f1280000,0x00000000f2efa038,0x00000000f2f00000)
  to   space 41472K, 0% used [0x00000000f6a80000,0x00000000f6a80000,0x00000000f9300000)
 ParOldGen       total 158720K, used 87168K [0x00000000a0000000, 0x00000000a9b00000, 0x00000000e0000000)
  object space 158720K, 54% used [0x00000000a0000000,0x00000000a5520268,0x00000000a9b00000)
 Metaspace       used 117937K, capacity 121233K, committed 121664K, reserved 1155072K
  class space    used 14988K, capacity 15702K, committed 15744K, reserved 1048576K
}
Event: 207.767 GC heap before
{Heap before GC invocations=24 (full 4):
 PSYoungGen      total 310272K, used 310248K [0x00000000e0000000, 0x00000000f9300000, 0x0000000100000000)
  eden space 281088K, 100% used [0x00000000e0000000,0x00000000f1280000,0x00000000f1280000)
  from space 29184K, 99% used [0x00000000f1280000,0x00000000f2efa038,0x00000000f2f00000)
  to   space 41472K, 0% used [0x00000000f6a80000,0x00000000f6a80000,0x00000000f9300000)
 ParOldGen       total 158720K, used 87168K [0x00000000a0000000, 0x00000000a9b00000, 0x00000000e0000000)
  object space 158720K, 54% used [0x00000000a0000000,0x00000000a5520268,0x00000000a9b00000)
 Metaspace       used 132207K, capacity 135663K, committed 136128K, reserved 1167360K
  class space    used 16564K, capacity 17335K, committed 17408K, reserved 1048576K
Event: 207.890 GC heap after
Heap after GC invocations=24 (full 4):
 PSYoungGen      total 367616K, used 31881K [0x00000000e0000000, 0x00000000f9680000, 0x0000000100000000)
  eden space 326144K, 0% used [0x00000000e0000000,0x00000000e0000000,0x00000000f3e80000)
  from space 41472K, 76% used [0x00000000f6a80000,0x00000000f89a25c0,0x00000000f9300000)
  to   space 45056K, 0% used [0x00000000f3e80000,0x00000000f3e80000,0x00000000f6a80000)
 ParOldGen       total 158720K, used 115018K [0x00000000a0000000, 0x00000000a9b00000, 0x00000000e0000000)
  object space 158720K, 72% used [0x00000000a0000000,0x00000000a7052aa8,0x00000000a9b00000)
 Metaspace       used 132207K, capacity 135663K, committed 136128K, reserved 1167360K
  class space    used 16564K, capacity 17335K, committed 17408K, reserved 1048576K
}

