# JRE version: OpenJDK Runtime Environment (8.0_202-b03) (build 1.8.0_202-release-1483-b03)
# Java VM: OpenJDK 64-Bit Server VM (25.202-b03 mixed mode windows-amd64 compressed oops)
Heap:
 PSYoungGen      total 107008K, used 19532K [0x00000000d5d00000, 0x00000000df200000, 0x0000000100000000)
  eden space 80384K, 24% used [0x00000000d5d00000,0x00000000d70132e0,0x00000000dab80000)
  from space 26624K, 0% used [0x00000000dca80000,0x00000000dca80000,0x00000000de480000)
  to   space 31744K, 0% used [0x00000000dab80000,0x00000000dab80000,0x00000000dca80000)
 ParOldGen       total 205312K, used 55550K [0x0000000081600000, 0x000000008de80000, 0x00000000d5d00000)
  object space 205312K, 27% used [0x0000000081600000,0x0000000084c3fb68,0x000000008de80000)
 Metaspace       used 60107K, capacity 61300K, committed 61568K, reserved 1103872K
  class space    used 7195K, capacity 7552K, committed 7552K, reserved 1048576K
GC Heap History (10 events):
Event: 7.415 GC heap before
{Heap before GC invocations=9 (full 2):
 PSYoungGen      total 76288K, used 60928K [0x00000000d5d00000, 0x00000000dca80000, 0x0000000100000000)
  eden space 60928K, 100% used [0x00000000d5d00000,0x00000000d9880000,0x00000000d9880000)
  from space 15360K, 0% used [0x00000000da700000,0x00000000da700000,0x00000000db600000)
  to   space 14848K, 0% used [0x00000000d9880000,0x00000000d9880000,0x00000000da700000)
 ParOldGen       total 120832K, used 15981K [0x0000000081600000, 0x0000000088c00000, 0x00000000d5d00000)
  object space 120832K, 13% used [0x0000000081600000,0x000000008259b5d0,0x0000000088c00000)
 Metaspace       used 39272K, capacity 39950K, committed 40192K, reserved 1085440K
  class space    used 4919K, capacity 5105K, committed 5120K, reserved 1048576K
Event: 7.441 GC heap after
Heap after GC invocations=9 (full 2):
 PSYoungGen      total 75776K, used 13205K [0x00000000d5d00000, 0x00000000dc780000, 0x0000000100000000)
  eden space 60928K, 0% used [0x00000000d5d00000,0x00000000d5d00000,0x00000000d9880000)
  from space 14848K, 88% used [0x00000000d9880000,0x00000000da565578,0x00000000da700000)
  to   space 15872K, 0% used [0x00000000db800000,0x00000000db800000,0x00000000dc780000)
 ParOldGen       total 120832K, used 15989K [0x0000000081600000, 0x0000000088c00000, 0x00000000d5d00000)
  object space 120832K, 13% used [0x0000000081600000,0x000000008259d5d0,0x0000000088c00000)
 Metaspace       used 39272K, capacity 39950K, committed 40192K, reserved 1085440K
  class space    used 4919K, capacity 5105K, committed 5120K, reserved 1048576K
}
Event: 9.446 GC heap before
{Heap before GC invocations=10 (full 2):
 PSYoungGen      total 75776K, used 74133K [0x00000000d5d00000, 0x00000000dc780000, 0x0000000100000000)
  eden space 60928K, 100% used [0x00000000d5d00000,0x00000000d9880000,0x00000000d9880000)
  from space 14848K, 88% used [0x00000000d9880000,0x00000000da565578,0x00000000da700000)
  to   space 15872K, 0% used [0x00000000db800000,0x00000000db800000,0x00000000dc780000)
 ParOldGen       total 120832K, used 15989K [0x0000000081600000, 0x0000000088c00000, 0x00000000d5d00000)
  object space 120832K, 13% used [0x0000000081600000,0x000000008259d5d0,0x0000000088c00000)
 Metaspace       used 44795K, capacity 45568K, committed 45824K, reserved 1089536K
  class space    used 5574K, capacity 5810K, committed 5888K, reserved 1048576K
Event: 9.471 GC heap after
Heap after GC invocations=10 (full 2):
 PSYoungGen      total 89600K, used 15857K [0x00000000d5d00000, 0x00000000dce00000, 0x0000000100000000)
  eden space 73728K, 0% used [0x00000000d5d00000,0x00000000d5d00000,0x00000000da500000)
  from space 15872K, 99% used [0x00000000db800000,0x00000000dc77c618,0x00000000dc780000)
  to   space 19456K, 0% used [0x00000000da500000,0x00000000da500000,0x00000000db800000)
 ParOldGen       total 120832K, used 19156K [0x0000000081600000, 0x0000000088c00000, 0x00000000d5d00000)
  object space 120832K, 15% used [0x0000000081600000,0x00000000828b5028,0x0000000088c00000)
 Metaspace       used 44795K, capacity 45568K, committed 45824K, reserved 1089536K
  class space    used 5574K, capacity 5810K, committed 5888K, reserved 1048576K
}
Event: 12.620 GC heap before
{Heap before GC invocations=11 (full 2):
 PSYoungGen      total 89600K, used 89585K [0x00000000d5d00000, 0x00000000dce00000, 0x0000000100000000)
  eden space 73728K, 100% used [0x00000000d5d00000,0x00000000da500000,0x00000000da500000)
  from space 15872K, 99% used [0x00000000db800000,0x00000000dc77c618,0x00000000dc780000)
  to   space 19456K, 0% used [0x00000000da500000,0x00000000da500000,0x00000000db800000)
 ParOldGen       total 120832K, used 19156K [0x0000000081600000, 0x0000000088c00000, 0x00000000d5d00000)
  object space 120832K, 15% used [0x0000000081600000,0x00000000828b5028,0x0000000088c00000)
 Metaspace       used 51345K, capacity 52306K, committed 52608K, reserved 1095680K
  class space    used 6412K, capacity 6681K, committed 6784K, reserved 1048576K
Event: 12.660 GC heap after
Heap after GC invocations=11 (full 2):
 PSYoungGen      total 93184K, used 19431K [0x00000000d5d00000, 0x00000000de480000, 0x0000000100000000)
  eden space 73728K, 0% used [0x00000000d5d00000,0x00000000d5d00000,0x00000000da500000)
  from space 19456K, 99% used [0x00000000da500000,0x00000000db7f9c90,0x00000000db800000)
  to   space 26624K, 0% used [0x00000000dca80000,0x00000000dca80000,0x00000000de480000)
 ParOldGen       total 120832K, used 32002K [0x0000000081600000, 0x0000000088c00000, 0x00000000d5d00000)
  object space 120832K, 26% used [0x0000000081600000,0x0000000083540b40,0x0000000088c00000)
 Metaspace       used 51345K, capacity 52306K, committed 52608K, reserved 1095680K
  class space    used 6412K, capacity 6681K, committed 6784K, reserved 1048576K
}
Event: 17.633 GC heap before
{Heap before GC invocations=12 (full 2):
 PSYoungGen      total 93184K, used 87198K [0x00000000d5d00000, 0x00000000de480000, 0x0000000100000000)
  eden space 73728K, 91% used [0x00000000d5d00000,0x00000000d9f2dba8,0x00000000da500000)
  from space 19456K, 99% used [0x00000000da500000,0x00000000db7f9c90,0x00000000db800000)
  to   space 26624K, 0% used [0x00000000dca80000,0x00000000dca80000,0x00000000de480000)
 ParOldGen       total 120832K, used 32002K [0x0000000081600000, 0x0000000088c00000, 0x00000000d5d00000)
  object space 120832K, 26% used [0x0000000081600000,0x0000000083540b40,0x0000000088c00000)
 Metaspace       used 57986K, capacity 58994K, committed 59096K, reserved 1101824K
  class space    used 7017K, capacity 7291K, committed 7296K, reserved 1048576K
Event: 17.855 GC heap after
Heap after GC invocations=12 (full 2):
 PSYoungGen      total 107008K, used 26617K [0x00000000d5d00000, 0x00000000df200000, 0x0000000100000000)
  eden space 80384K, 0% used [0x00000000d5d00000,0x00000000d5d00000,0x00000000dab80000)
  from space 26624K, 99% used [0x00000000dca80000,0x00000000de47e748,0x00000000de480000)
  to   space 31744K, 0% used [0x00000000dab80000,0x00000000dab80000,0x00000000dca80000)
 ParOldGen       total 120832K, used 35447K [0x0000000081600000, 0x0000000088c00000, 0x00000000d5d00000)
  object space 120832K, 29% used [0x0000000081600000,0x000000008389dc20,0x0000000088c00000)
 Metaspace       used 57986K, capacity 58994K, committed 59096K, reserved 1101824K
  class space    used 7017K, capacity 7291K, committed 7296K, reserved 1048576K
}
Event: 17.855 GC heap before
{Heap before GC invocations=13 (full 3):
 PSYoungGen      total 107008K, used 26617K [0x00000000d5d00000, 0x00000000df200000, 0x0000000100000000)
  eden space 80384K, 0% used [0x00000000d5d00000,0x00000000d5d00000,0x00000000dab80000)
  from space 26624K, 99% used [0x00000000dca80000,0x00000000de47e748,0x00000000de480000)
  to   space 31744K, 0% used [0x00000000dab80000,0x00000000dab80000,0x00000000dca80000)
 ParOldGen       total 120832K, used 35447K [0x0000000081600000, 0x0000000088c00000, 0x00000000d5d00000)
  object space 120832K, 29% used [0x0000000081600000,0x000000008389dc20,0x0000000088c00000)
 Metaspace       used 57986K, capacity 58994K, committed 59096K, reserved 1101824K
  class space    used 7017K, capacity 7291K, committed 7296K, reserved 1048576K
Event: 19.499 GC heap after
Heap after GC invocations=13 (full 3):
 PSYoungGen      total 107008K, used 0K [0x00000000d5d00000, 0x00000000df200000, 0x0000000100000000)
  eden space 80384K, 0% used [0x00000000d5d00000,0x00000000d5d00000,0x00000000dab80000)
  from space 26624K, 0% used [0x00000000dca80000,0x00000000dca80000,0x00000000de480000)
  to   space 31744K, 0% used [0x00000000dab80000,0x00000000dab80000,0x00000000dca80000)
 ParOldGen       total 205312K, used 55550K [0x0000000081600000, 0x000000008de80000, 0x00000000d5d00000)
  object space 205312K, 27% used [0x0000000081600000,0x0000000084c3fb68,0x000000008de80000)
 Metaspace       used 57986K, capacity 58994K, committed 59096K, reserved 1101824K
  class space    used 7017K, capacity 7291K, committed 7296K, reserved 1048576K
}

