# JRE version: OpenJDK Runtime Environment (8.0_202-b03) (build 1.8.0_202-release-1483-b03)
# Java VM: OpenJDK 64-Bit Server VM (25.202-b03 mixed mode windows-amd64 compressed oops)
Heap:
 PSYoungGen      total 355328K, used 172748K [0x00000000e0000000, 0x00000000f7d80000, 0x0000000100000000)
  eden space 340480K, 50% used [0x00000000e0000000,0x00000000ea8b3140,0x00000000f4c80000)
  from space 14848K, 0% used [0x00000000f6f00000,0x00000000f6f00000,0x00000000f7d80000)
  to   space 25088K, 0% used [0x00000000f4c80000,0x00000000f4c80000,0x00000000f6500000)
 ParOldGen       total 109568K, used 60309K [0x00000000a0000000, 0x00000000a6b00000, 0x00000000e0000000)
  object space 109568K, 55% used [0x00000000a0000000,0x00000000a3ae54e0,0x00000000a6b00000)
 Metaspace       used 93779K, capacity 97284K, committed 97428K, reserved 1134592K
  class space    used 12196K, capacity 12862K, committed 12988K, reserved 1048576K
GC Heap History (10 events):
Event: 116.678 GC heap before
{Heap before GC invocations=16 (full 3):
 PSYoungGen      total 216576K, used 197632K [0x00000000e0000000, 0x00000000f1080000, 0x0000000100000000)
  eden space 197632K, 100% used [0x00000000e0000000,0x00000000ec100000,0x00000000ec100000)
  from space 18944K, 0% used [0x00000000ed400000,0x00000000ed400000,0x00000000ee680000)
  to   space 19456K, 0% used [0x00000000ec100000,0x00000000ec100000,0x00000000ed400000)
 ParOldGen       total 109568K, used 31261K [0x00000000a0000000, 0x00000000a6b00000, 0x00000000e0000000)
  object space 109568K, 28% used [0x00000000a0000000,0x00000000a1e876e0,0x00000000a6b00000)
 Metaspace       used 65878K, capacity 68038K, committed 68244K, reserved 1107968K
  class space    used 8629K, capacity 9097K, committed 9148K, reserved 1048576K
Event: 116.713 GC heap after
Heap after GC invocations=16 (full 3):
 PSYoungGen      total 217088K, used 16201K [0x00000000e0000000, 0x00000000f3600000, 0x0000000100000000)
  eden space 197632K, 0% used [0x00000000e0000000,0x00000000e0000000,0x00000000ec100000)
  from space 19456K, 83% used [0x00000000ec100000,0x00000000ed0d26c8,0x00000000ed400000)
  to   space 21504K, 0% used [0x00000000f2100000,0x00000000f2100000,0x00000000f3600000)
 ParOldGen       total 109568K, used 31269K [0x00000000a0000000, 0x00000000a6b00000, 0x00000000e0000000)
  object space 109568K, 28% used [0x00000000a0000000,0x00000000a1e896e0,0x00000000a6b00000)
 Metaspace       used 65878K, capacity 68038K, committed 68244K, reserved 1107968K
  class space    used 8629K, capacity 9097K, committed 9148K, reserved 1048576K
}
Event: 128.379 GC heap before
{Heap before GC invocations=17 (full 3):
 PSYoungGen      total 217088K, used 213833K [0x00000000e0000000, 0x00000000f3600000, 0x0000000100000000)
  eden space 197632K, 100% used [0x00000000e0000000,0x00000000ec100000,0x00000000ec100000)
  from space 19456K, 83% used [0x00000000ec100000,0x00000000ed0d26c8,0x00000000ed400000)
  to   space 21504K, 0% used [0x00000000f2100000,0x00000000f2100000,0x00000000f3600000)
 ParOldGen       total 109568K, used 31269K [0x00000000a0000000, 0x00000000a6b00000, 0x00000000e0000000)
  object space 109568K, 28% used [0x00000000a0000000,0x00000000a1e896e0,0x00000000a6b00000)
 Metaspace       used 70443K, capacity 72832K, committed 72980K, reserved 1112064K
  class space    used 9167K, capacity 9722K, committed 9788K, reserved 1048576K
Event: 128.423 GC heap after
Heap after GC invocations=17 (full 3):
 PSYoungGen      total 277504K, used 8936K [0x00000000e0000000, 0x00000000f2b80000, 0x0000000100000000)
  eden space 266752K, 0% used [0x00000000e0000000,0x00000000e0000000,0x00000000f0480000)
  from space 10752K, 83% used [0x00000000f2100000,0x00000000f29ba338,0x00000000f2b80000)
  to   space 19968K, 0% used [0x00000000f0480000,0x00000000f0480000,0x00000000f1800000)
 ParOldGen       total 109568K, used 41557K [0x00000000a0000000, 0x00000000a6b00000, 0x00000000e0000000)
  object space 109568K, 37% used [0x00000000a0000000,0x00000000a28954b8,0x00000000a6b00000)
 Metaspace       used 70443K, capacity 72832K, committed 72980K, reserved 1112064K
  class space    used 9167K, capacity 9722K, committed 9788K, reserved 1048576K
}
Event: 187.774 GC heap before
{Heap before GC invocations=18 (full 3):
 PSYoungGen      total 277504K, used 275688K [0x00000000e0000000, 0x00000000f2b80000, 0x0000000100000000)
  eden space 266752K, 100% used [0x00000000e0000000,0x00000000f0480000,0x00000000f0480000)
  from space 10752K, 83% used [0x00000000f2100000,0x00000000f29ba338,0x00000000f2b80000)
  to   space 19968K, 0% used [0x00000000f0480000,0x00000000f0480000,0x00000000f1800000)
 ParOldGen       total 109568K, used 41557K [0x00000000a0000000, 0x00000000a6b00000, 0x00000000e0000000)
  object space 109568K, 37% used [0x00000000a0000000,0x00000000a28954b8,0x00000000a6b00000)
 Metaspace       used 81556K, capacity 84176K, committed 84372K, reserved 1122304K
  class space    used 10561K, capacity 11100K, committed 11196K, reserved 1048576K
Event: 187.829 GC heap after
Heap after GC invocations=18 (full 3):
 PSYoungGen      total 286720K, used 19939K [0x00000000e0000000, 0x00000000f8900000, 0x0000000100000000)
  eden space 266752K, 0% used [0x00000000e0000000,0x00000000e0000000,0x00000000f0480000)
  from space 19968K, 99% used [0x00000000f0480000,0x00000000f17f8e88,0x00000000f1800000)
  to   space 26624K, 0% used [0x00000000f6f00000,0x00000000f6f00000,0x00000000f8900000)
 ParOldGen       total 109568K, used 50787K [0x00000000a0000000, 0x00000000a6b00000, 0x00000000e0000000)
  object space 109568K, 46% used [0x00000000a0000000,0x00000000a3198e58,0x00000000a6b00000)
 Metaspace       used 81556K, capacity 84176K, committed 84372K, reserved 1122304K
  class space    used 10561K, capacity 11100K, committed 11196K, reserved 1048576K
}
Event: 192.463 GC heap before
{Heap before GC invocations=19 (full 3):
 PSYoungGen      total 286720K, used 266669K [0x00000000e0000000, 0x00000000f8900000, 0x0000000100000000)
  eden space 266752K, 92% used [0x00000000e0000000,0x00000000ef0f2960,0x00000000f0480000)
  from space 19968K, 99% used [0x00000000f0480000,0x00000000f17f8e88,0x00000000f1800000)
  to   space 26624K, 0% used [0x00000000f6f00000,0x00000000f6f00000,0x00000000f8900000)
 ParOldGen       total 109568K, used 50787K [0x00000000a0000000, 0x00000000a6b00000, 0x00000000e0000000)
  object space 109568K, 46% used [0x00000000a0000000,0x00000000a3198e58,0x00000000a6b00000)
 Metaspace       used 91838K, capacity 95298K, committed 95380K, reserved 1136640K
  class space    used 11950K, capacity 12651K, committed 12732K, reserved 1048576K
Event: 192.494 GC heap after
Heap after GC invocations=19 (full 3):
 PSYoungGen      total 355328K, used 9435K [0x00000000e0000000, 0x00000000f7d80000, 0x0000000100000000)
  eden space 340480K, 0% used [0x00000000e0000000,0x00000000e0000000,0x00000000f4c80000)
  from space 14848K, 63% used [0x00000000f6f00000,0x00000000f7836fd8,0x00000000f7d80000)
  to   space 25088K, 0% used [0x00000000f4c80000,0x00000000f4c80000,0x00000000f6500000)
 ParOldGen       total 109568K, used 60546K [0x00000000a0000000, 0x00000000a6b00000, 0x00000000e0000000)
  object space 109568K, 55% used [0x00000000a0000000,0x00000000a3b20b98,0x00000000a6b00000)
 Metaspace       used 91838K, capacity 95298K, committed 95380K, reserved 1136640K
  class space    used 11950K, capacity 12651K, committed 12732K, reserved 1048576K
}
Event: 192.494 GC heap before
{Heap before GC invocations=20 (full 4):
 PSYoungGen      total 355328K, used 9435K [0x00000000e0000000, 0x00000000f7d80000, 0x0000000100000000)
  eden space 340480K, 0% used [0x00000000e0000000,0x00000000e0000000,0x00000000f4c80000)
  from space 14848K, 63% used [0x00000000f6f00000,0x00000000f7836fd8,0x00000000f7d80000)
  to   space 25088K, 0% used [0x00000000f4c80000,0x00000000f4c80000,0x00000000f6500000)
 ParOldGen       total 109568K, used 60546K [0x00000000a0000000, 0x00000000a6b00000, 0x00000000e0000000)
  object space 109568K, 55% used [0x00000000a0000000,0x00000000a3b20b98,0x00000000a6b00000)
 Metaspace       used 91838K, capacity 95298K, committed 95380K, reserved 1136640K
  class space    used 11950K, capacity 12651K, committed 12732K, reserved 1048576K
Event: 192.981 GC heap after
Heap after GC invocations=20 (full 4):
 PSYoungGen      total 355328K, used 0K [0x00000000e0000000, 0x00000000f7d80000, 0x0000000100000000)
  eden space 340480K, 0% used [0x00000000e0000000,0x00000000e0000000,0x00000000f4c80000)
  from space 14848K, 0% used [0x00000000f6f00000,0x00000000f6f00000,0x00000000f7d80000)
  to   space 25088K, 0% used [0x00000000f4c80000,0x00000000f4c80000,0x00000000f6500000)
 ParOldGen       total 109568K, used 60309K [0x00000000a0000000, 0x00000000a6b00000, 0x00000000e0000000)
  object space 109568K, 55% used [0x00000000a0000000,0x00000000a3ae54e0,0x00000000a6b00000)
 Metaspace       used 91682K, capacity 94854K, committed 95380K, reserved 1134592K
  class space    used 11898K, capacity 12559K, committed 12732K, reserved 1048576K
}

