# JRE version: OpenJDK Runtime Environment (8.0_202-b03) (build 1.8.0_202-release-1483-b03)
# Java VM: OpenJDK 64-Bit Server VM (25.202-b03 mixed mode windows-amd64 compressed oops)
Heap:
 PSYoungGen      total 90112K, used 77994K [0x00000000d5d00000, 0x00000000de300000, 0x0000000100000000)
  eden space 72192K, 83% used [0x00000000d5d00000,0x00000000d97ae950,0x00000000da380000)
  from space 17920K, 99% used [0x00000000da380000,0x00000000db4fc1c8,0x00000000db500000)
  to   space 26112K, 0% used [0x00000000dc980000,0x00000000dc980000,0x00000000de300000)
 ParOldGen       total 121344K, used 35859K [0x0000000081600000, 0x0000000088c80000, 0x00000000d5d00000)
  object space 121344K, 29% used [0x0000000081600000,0x0000000083904e50,0x0000000088c80000)
 Metaspace       used 54209K, capacity 55286K, committed 55424K, reserved 1097728K
  class space    used 6730K, capacity 7023K, committed 7040K, reserved 1048576K
GC Heap History (10 events):
Event: 4.950 GC heap before
{Heap before GC invocations=7 (full 1):
 PSYoungGen      total 62464K, used 20135K [0x00000000d5d00000, 0x00000000db200000, 0x0000000100000000)
  eden space 57344K, 26% used [0x00000000d5d00000,0x00000000d6bb1398,0x00000000d9500000)
  from space 5120K, 99% used [0x00000000d9e00000,0x00000000da2f8918,0x00000000da300000)
  to   space 14848K, 0% used [0x00000000da380000,0x00000000da380000,0x00000000db200000)
 ParOldGen       total 69632K, used 21490K [0x0000000081600000, 0x0000000085a00000, 0x00000000d5d00000)
  object space 69632K, 30% used [0x0000000081600000,0x0000000082afcb48,0x0000000085a00000)
 Metaspace       used 34746K, capacity 35332K, committed 35496K, reserved 1081344K
  class space    used 4450K, capacity 4602K, committed 4608K, reserved 1048576K
Event: 4.963 GC heap after
Heap after GC invocations=7 (full 1):
 PSYoungGen      total 72704K, used 8842K [0x00000000d5d00000, 0x00000000dc300000, 0x0000000100000000)
  eden space 57856K, 0% used [0x00000000d5d00000,0x00000000d5d00000,0x00000000d9580000)
  from space 14848K, 59% used [0x00000000da380000,0x00000000dac22938,0x00000000db200000)
  to   space 14336K, 0% used [0x00000000d9580000,0x00000000d9580000,0x00000000da380000)
 ParOldGen       total 69632K, used 21490K [0x0000000081600000, 0x0000000085a00000, 0x00000000d5d00000)
  object space 69632K, 30% used [0x0000000081600000,0x0000000082afcb48,0x0000000085a00000)
 Metaspace       used 34746K, capacity 35332K, committed 35496K, reserved 1081344K
  class space    used 4450K, capacity 4602K, committed 4608K, reserved 1048576K
}
Event: 4.963 GC heap before
{Heap before GC invocations=8 (full 2):
 PSYoungGen      total 72704K, used 8842K [0x00000000d5d00000, 0x00000000dc300000, 0x0000000100000000)
  eden space 57856K, 0% used [0x00000000d5d00000,0x00000000d5d00000,0x00000000d9580000)
  from space 14848K, 59% used [0x00000000da380000,0x00000000dac22938,0x00000000db200000)
  to   space 14336K, 0% used [0x00000000d9580000,0x00000000d9580000,0x00000000da380000)
 ParOldGen       total 69632K, used 21490K [0x0000000081600000, 0x0000000085a00000, 0x00000000d5d00000)
  object space 69632K, 30% used [0x0000000081600000,0x0000000082afcb48,0x0000000085a00000)
 Metaspace       used 34746K, capacity 35332K, committed 35496K, reserved 1081344K
  class space    used 4450K, capacity 4602K, committed 4608K, reserved 1048576K
Event: 5.076 GC heap after
Heap after GC invocations=8 (full 2):
 PSYoungGen      total 72704K, used 0K [0x00000000d5d00000, 0x00000000dc300000, 0x0000000100000000)
  eden space 57856K, 0% used [0x00000000d5d00000,0x00000000d5d00000,0x00000000d9580000)
  from space 14848K, 0% used [0x00000000da380000,0x00000000da380000,0x00000000db200000)
  to   space 14336K, 0% used [0x00000000d9580000,0x00000000d9580000,0x00000000da380000)
 ParOldGen       total 121344K, used 17558K [0x0000000081600000, 0x0000000088c80000, 0x00000000d5d00000)
  object space 121344K, 14% used [0x0000000081600000,0x0000000082725ba0,0x0000000088c80000)
 Metaspace       used 34746K, capacity 35332K, committed 35496K, reserved 1081344K
  class space    used 4450K, capacity 4602K, committed 4608K, reserved 1048576K
}
Event: 6.125 GC heap before
{Heap before GC invocations=9 (full 2):
 PSYoungGen      total 72704K, used 57856K [0x00000000d5d00000, 0x00000000dc300000, 0x0000000100000000)
  eden space 57856K, 100% used [0x00000000d5d00000,0x00000000d9580000,0x00000000d9580000)
  from space 14848K, 0% used [0x00000000da380000,0x00000000da380000,0x00000000db200000)
  to   space 14336K, 0% used [0x00000000d9580000,0x00000000d9580000,0x00000000da380000)
 ParOldGen       total 121344K, used 17558K [0x0000000081600000, 0x0000000088c80000, 0x00000000d5d00000)
  object space 121344K, 14% used [0x0000000081600000,0x0000000082725ba0,0x0000000088c80000)
 Metaspace       used 38962K, capacity 39614K, committed 39936K, reserved 1083392K
  class space    used 4895K, capacity 5075K, committed 5120K, reserved 1048576K
Event: 6.141 GC heap after
Heap after GC invocations=9 (full 2):
 PSYoungGen      total 72192K, used 12110K [0x00000000d5d00000, 0x00000000dc380000, 0x0000000100000000)
  eden space 57856K, 0% used [0x00000000d5d00000,0x00000000d5d00000,0x00000000d9580000)
  from space 14336K, 84% used [0x00000000d9580000,0x00000000da153940,0x00000000da380000)
  to   space 14848K, 0% used [0x00000000db500000,0x00000000db500000,0x00000000dc380000)
 ParOldGen       total 121344K, used 17566K [0x0000000081600000, 0x0000000088c80000, 0x00000000d5d00000)
  object space 121344K, 14% used [0x0000000081600000,0x0000000082727ba0,0x0000000088c80000)
 Metaspace       used 38962K, capacity 39614K, committed 39936K, reserved 1083392K
  class space    used 4895K, capacity 5075K, committed 5120K, reserved 1048576K
}
Event: 7.571 GC heap before
{Heap before GC invocations=10 (full 2):
 PSYoungGen      total 72192K, used 69966K [0x00000000d5d00000, 0x00000000dc380000, 0x0000000100000000)
  eden space 57856K, 100% used [0x00000000d5d00000,0x00000000d9580000,0x00000000d9580000)
  from space 14336K, 84% used [0x00000000d9580000,0x00000000da153940,0x00000000da380000)
  to   space 14848K, 0% used [0x00000000db500000,0x00000000db500000,0x00000000dc380000)
 ParOldGen       total 121344K, used 17566K [0x0000000081600000, 0x0000000088c80000, 0x00000000d5d00000)
  object space 121344K, 14% used [0x0000000081600000,0x0000000082727ba0,0x0000000088c80000)
 Metaspace       used 41168K, capacity 41836K, committed 42112K, reserved 1085440K
  class space    used 5004K, capacity 5186K, committed 5248K, reserved 1048576K
Event: 7.594 GC heap after
Heap after GC invocations=10 (full 2):
 PSYoungGen      total 87040K, used 14823K [0x00000000d5d00000, 0x00000000dc980000, 0x0000000100000000)
  eden space 72192K, 0% used [0x00000000d5d00000,0x00000000d5d00000,0x00000000da380000)
  from space 14848K, 99% used [0x00000000db500000,0x00000000dc379fe0,0x00000000dc380000)
  to   space 17920K, 0% used [0x00000000da380000,0x00000000da380000,0x00000000db500000)
 ParOldGen       total 121344K, used 20833K [0x0000000081600000, 0x0000000088c80000, 0x00000000d5d00000)
  object space 121344K, 17% used [0x0000000081600000,0x0000000082a58660,0x0000000088c80000)
 Metaspace       used 41168K, capacity 41836K, committed 42112K, reserved 1085440K
  class space    used 5004K, capacity 5186K, committed 5248K, reserved 1048576K
}
Event: 9.911 GC heap before
{Heap before GC invocations=11 (full 2):
 PSYoungGen      total 87040K, used 87015K [0x00000000d5d00000, 0x00000000dc980000, 0x0000000100000000)
  eden space 72192K, 100% used [0x00000000d5d00000,0x00000000da380000,0x00000000da380000)
  from space 14848K, 99% used [0x00000000db500000,0x00000000dc379fe0,0x00000000dc380000)
  to   space 17920K, 0% used [0x00000000da380000,0x00000000da380000,0x00000000db500000)
 ParOldGen       total 121344K, used 20833K [0x0000000081600000, 0x0000000088c80000, 0x00000000d5d00000)
  object space 121344K, 17% used [0x0000000081600000,0x0000000082a58660,0x0000000088c80000)
 Metaspace       used 49685K, capacity 50706K, committed 50816K, reserved 1093632K
  class space    used 6155K, capacity 6435K, committed 6528K, reserved 1048576K
Event: 9.947 GC heap after
Heap after GC invocations=11 (full 2):
 PSYoungGen      total 90112K, used 17904K [0x00000000d5d00000, 0x00000000de300000, 0x0000000100000000)
  eden space 72192K, 0% used [0x00000000d5d00000,0x00000000d5d00000,0x00000000da380000)
  from space 17920K, 99% used [0x00000000da380000,0x00000000db4fc1c8,0x00000000db500000)
  to   space 26112K, 0% used [0x00000000dc980000,0x00000000dc980000,0x00000000de300000)
 ParOldGen       total 121344K, used 35859K [0x0000000081600000, 0x0000000088c80000, 0x00000000d5d00000)
  object space 121344K, 29% used [0x0000000081600000,0x0000000083904e50,0x0000000088c80000)
 Metaspace       used 49685K, capacity 50706K, committed 50816K, reserved 1093632K
  class space    used 6155K, capacity 6435K, committed 6528K, reserved 1048576K
}

