# JRE version: OpenJDK Runtime Environment (8.0_202-b03) (build 1.8.0_202-release-1483-b03)
# Java VM: OpenJDK 64-Bit Server VM (25.202-b03 mixed mode windows-amd64 compressed oops)
Heap:
 PSYoungGen      total 446976K, used 124358K [0x00000000e0000000, 0x00000000ff980000, 0x0000000100000000)
  eden space 376320K, 21% used [0x00000000e0000000,0x00000000e506d988,0x00000000f6f80000)
  from space 70656K, 59% used [0x00000000f6f80000,0x00000000f9883f18,0x00000000fb480000)
  to   space 65024K, 0% used [0x00000000fba00000,0x00000000fba00000,0x00000000ff980000)
 ParOldGen       total 281600K, used 95840K [0x00000000a0000000, 0x00000000b1300000, 0x00000000e0000000)
  object space 281600K, 34% used [0x00000000a0000000,0x00000000a5d98070,0x00000000b1300000)
 Metaspace       used 107985K, capacity 115652K, committed 116372K, reserved 1150976K
  class space    used 13698K, capacity 14954K, committed 15292K, reserved 1048576K
GC Heap History (10 events):
Event: 3557.229 GC heap before
{Heap before GC invocations=52 (full 5):
 PSYoungGen      total 446464K, used 402381K [0x00000000e0000000, 0x00000000ff380000, 0x0000000100000000)
  eden space 378880K, 100% used [0x00000000e0000000,0x00000000f7200000,0x00000000f7200000)
  from space 67584K, 34% used [0x00000000fb180000,0x00000000fc8735f0,0x00000000ff380000)
  to   space 65024K, 0% used [0x00000000f7200000,0x00000000f7200000,0x00000000fb180000)
 ParOldGen       total 281600K, used 86718K [0x00000000a0000000, 0x00000000b1300000, 0x00000000e0000000)
  object space 281600K, 30% used [0x00000000a0000000,0x00000000a54af9b8,0x00000000b1300000)
 Metaspace       used 107646K, capacity 115214K, committed 116116K, reserved 1150976K
  class space    used 13665K, capacity 14909K, committed 15292K, reserved 1048576K
Event: 3557.256 GC heap after
Heap after GC invocations=52 (full 5):
 PSYoungGen      total 443904K, used 15098K [0x00000000e0000000, 0x00000000ff780000, 0x0000000100000000)
  eden space 378880K, 0% used [0x00000000e0000000,0x00000000e0000000,0x00000000f7200000)
  from space 65024K, 23% used [0x00000000f7200000,0x00000000f80bebb8,0x00000000fb180000)
  to   space 61952K, 0% used [0x00000000fbb00000,0x00000000fbb00000,0x00000000ff780000)
 ParOldGen       total 281600K, used 86726K [0x00000000a0000000, 0x00000000b1300000, 0x00000000e0000000)
  object space 281600K, 30% used [0x00000000a0000000,0x00000000a54b19b8,0x00000000b1300000)
 Metaspace       used 107646K, capacity 115214K, committed 116116K, reserved 1150976K
  class space    used 13665K, capacity 14909K, committed 15292K, reserved 1048576K
}
Event: 3560.261 GC heap before
{Heap before GC invocations=53 (full 5):
 PSYoungGen      total 443904K, used 393978K [0x00000000e0000000, 0x00000000ff780000, 0x0000000100000000)
  eden space 378880K, 100% used [0x00000000e0000000,0x00000000f7200000,0x00000000f7200000)
  from space 65024K, 23% used [0x00000000f7200000,0x00000000f80bebb8,0x00000000fb180000)
  to   space 61952K, 0% used [0x00000000fbb00000,0x00000000fbb00000,0x00000000ff780000)
 ParOldGen       total 281600K, used 86726K [0x00000000a0000000, 0x00000000b1300000, 0x00000000e0000000)
  object space 281600K, 30% used [0x00000000a0000000,0x00000000a54b19b8,0x00000000b1300000)
 Metaspace       used 107654K, capacity 115282K, committed 116116K, reserved 1150976K
  class space    used 13666K, capacity 14909K, committed 15292K, reserved 1048576K
Event: 3560.365 GC heap after
Heap after GC invocations=53 (full 5):
 PSYoungGen      total 433664K, used 61940K [0x00000000e0000000, 0x0000000100000000, 0x0000000100000000)
  eden space 371712K, 0% used [0x00000000e0000000,0x00000000e0000000,0x00000000f6b00000)
  from space 61952K, 99% used [0x00000000fbb00000,0x00000000ff77d380,0x00000000ff780000)
  to   space 76288K, 0% used [0x00000000f6b00000,0x00000000f6b00000,0x00000000fb580000)
 ParOldGen       total 281600K, used 95667K [0x00000000a0000000, 0x00000000b1300000, 0x00000000e0000000)
  object space 281600K, 33% used [0x00000000a0000000,0x00000000a5d6cff0,0x00000000b1300000)
 Metaspace       used 107654K, capacity 115282K, committed 116116K, reserved 1150976K
  class space    used 13666K, capacity 14909K, committed 15292K, reserved 1048576K
}
Event: 3666.347 GC heap before
{Heap before GC invocations=54 (full 5):
 PSYoungGen      total 433664K, used 433652K [0x00000000e0000000, 0x0000000100000000, 0x0000000100000000)
  eden space 371712K, 100% used [0x00000000e0000000,0x00000000f6b00000,0x00000000f6b00000)
  from space 61952K, 99% used [0x00000000fbb00000,0x00000000ff77d380,0x00000000ff780000)
  to   space 76288K, 0% used [0x00000000f6b00000,0x00000000f6b00000,0x00000000fb580000)
 ParOldGen       total 281600K, used 95667K [0x00000000a0000000, 0x00000000b1300000, 0x00000000e0000000)
  object space 281600K, 33% used [0x00000000a0000000,0x00000000a5d6cff0,0x00000000b1300000)
 Metaspace       used 107721K, capacity 115354K, committed 116116K, reserved 1150976K
  class space    used 13666K, capacity 14909K, committed 15292K, reserved 1048576K
Event: 3666.388 GC heap after
Heap after GC invocations=54 (full 5):
 PSYoungGen      total 448000K, used 23933K [0x00000000e0000000, 0x0000000100000000, 0x0000000100000000)
  eden space 371712K, 0% used [0x00000000e0000000,0x00000000e0000000,0x00000000f6b00000)
  from space 76288K, 31% used [0x00000000f6b00000,0x00000000f825f5a0,0x00000000fb580000)
  to   space 71680K, 0% used [0x00000000fba00000,0x00000000fba00000,0x0000000100000000)
 ParOldGen       total 281600K, used 95840K [0x00000000a0000000, 0x00000000b1300000, 0x00000000e0000000)
  object space 281600K, 34% used [0x00000000a0000000,0x00000000a5d98070,0x00000000b1300000)
 Metaspace       used 107721K, capacity 115354K, committed 116116K, reserved 1150976K
  class space    used 13666K, capacity 14909K, committed 15292K, reserved 1048576K
}
Event: 3673.627 GC heap before
{Heap before GC invocations=55 (full 5):
 PSYoungGen      total 448000K, used 395645K [0x00000000e0000000, 0x0000000100000000, 0x0000000100000000)
  eden space 371712K, 100% used [0x00000000e0000000,0x00000000f6b00000,0x00000000f6b00000)
  from space 76288K, 31% used [0x00000000f6b00000,0x00000000f825f5a0,0x00000000fb580000)
  to   space 71680K, 0% used [0x00000000fba00000,0x00000000fba00000,0x0000000100000000)
 ParOldGen       total 281600K, used 95840K [0x00000000a0000000, 0x00000000b1300000, 0x00000000e0000000)
  object space 281600K, 34% used [0x00000000a0000000,0x00000000a5d98070,0x00000000b1300000)
 Metaspace       used 107910K, capacity 115642K, committed 116372K, reserved 1150976K
  class space    used 13692K, capacity 14951K, committed 15292K, reserved 1048576K
Event: 3673.704 GC heap after
Heap after GC invocations=55 (full 5):
 PSYoungGen      total 441344K, used 35856K [0x00000000e0000000, 0x00000000ff980000, 0x0000000100000000)
  eden space 376320K, 0% used [0x00000000e0000000,0x00000000e0000000,0x00000000f6f80000)
  from space 65024K, 55% used [0x00000000fba00000,0x00000000fdd040f8,0x00000000ff980000)
  to   space 70656K, 0% used [0x00000000f6f80000,0x00000000f6f80000,0x00000000fb480000)
 ParOldGen       total 281600K, used 95840K [0x00000000a0000000, 0x00000000b1300000, 0x00000000e0000000)
  object space 281600K, 34% used [0x00000000a0000000,0x00000000a5d98070,0x00000000b1300000)
 Metaspace       used 107910K, capacity 115642K, committed 116372K, reserved 1150976K
  class space    used 13692K, capacity 14951K, committed 15292K, reserved 1048576K
}
Event: 3675.781 GC heap before
{Heap before GC invocations=56 (full 5):
 PSYoungGen      total 441344K, used 412176K [0x00000000e0000000, 0x00000000ff980000, 0x0000000100000000)
  eden space 376320K, 100% used [0x00000000e0000000,0x00000000f6f80000,0x00000000f6f80000)
  from space 65024K, 55% used [0x00000000fba00000,0x00000000fdd040f8,0x00000000ff980000)
  to   space 70656K, 0% used [0x00000000f6f80000,0x00000000f6f80000,0x00000000fb480000)
 ParOldGen       total 281600K, used 95840K [0x00000000a0000000, 0x00000000b1300000, 0x00000000e0000000)
  object space 281600K, 34% used [0x00000000a0000000,0x00000000a5d98070,0x00000000b1300000)
 Metaspace       used 107973K, capacity 115652K, committed 116372K, reserved 1150976K
  class space    used 13698K, capacity 14954K, committed 15292K, reserved 1048576K
Event: 3675.894 GC heap after
Heap after GC invocations=56 (full 5):
 PSYoungGen      total 446976K, used 41999K [0x00000000e0000000, 0x00000000ff980000, 0x0000000100000000)
  eden space 376320K, 0% used [0x00000000e0000000,0x00000000e0000000,0x00000000f6f80000)
  from space 70656K, 59% used [0x00000000f6f80000,0x00000000f9883f18,0x00000000fb480000)
  to   space 65024K, 0% used [0x00000000fba00000,0x00000000fba00000,0x00000000ff980000)
 ParOldGen       total 281600K, used 95840K [0x00000000a0000000, 0x00000000b1300000, 0x00000000e0000000)
  object space 281600K, 34% used [0x00000000a0000000,0x00000000a5d98070,0x00000000b1300000)
 Metaspace       used 107973K, capacity 115652K, committed 116372K, reserved 1150976K
  class space    used 13698K, capacity 14954K, committed 15292K, reserved 1048576K
}

