# JRE version: OpenJDK Runtime Environment (8.0_202-b03) (build 1.8.0_202-release-1483-b03)
# Java VM: OpenJDK 64-Bit Server VM (25.202-b03 mixed mode windows-amd64 compressed oops)
Heap:
 PSYoungGen      total 222208K, used 76428K [0x00000000e0000000, 0x00000000f1680000, 0x0000000100000000)
  eden space 202240K, 29% used [0x00000000e0000000,0x00000000e39c5388,0x00000000ec580000)
  from space 19968K, 86% used [0x00000000ec580000,0x00000000ed65de60,0x00000000ed900000)
  to   space 19456K, 0% used [0x00000000ed900000,0x00000000ed900000,0x00000000eec00000)
 ParOldGen       total 108544K, used 29826K [0x00000000a0000000, 0x00000000a6a00000, 0x00000000e0000000)
  object space 108544K, 27% used [0x00000000a0000000,0x00000000a1d208c8,0x00000000a6a00000)
 Metaspace       used 66392K, capacity 68482K, committed 68568K, reserved 1107968K
  class space    used 8657K, capacity 9119K, committed 9176K, reserved 1048576K
GC Heap History (10 events):
Event: 22.946 GC heap before
{Heap before GC invocations=12 (full 2):
 PSYoungGen      total 129024K, used 118272K [0x00000000e0000000, 0x00000000ec100000, 0x0000000100000000)
  eden space 118272K, 100% used [0x00000000e0000000,0x00000000e7380000,0x00000000e7380000)
  from space 10752K, 0% used [0x00000000e7380000,0x00000000e7380000,0x00000000e7e00000)
  to   space 11776K, 0% used [0x00000000eb580000,0x00000000eb580000,0x00000000ec100000)
 ParOldGen       total 80384K, used 17725K [0x00000000a0000000, 0x00000000a4e80000, 0x00000000e0000000)
  object space 80384K, 22% used [0x00000000a0000000,0x00000000a114f578,0x00000000a4e80000)
 Metaspace       used 46154K, capacity 47136K, committed 47448K, reserved 1089536K
  class space    used 6155K, capacity 6388K, committed 6488K, reserved 1048576K
Event: 23.011 GC heap after
Heap after GC invocations=12 (full 2):
 PSYoungGen      total 166912K, used 11756K [0x00000000e0000000, 0x00000000ec100000, 0x0000000100000000)
  eden space 155136K, 0% used [0x00000000e0000000,0x00000000e0000000,0x00000000e9780000)
  from space 11776K, 99% used [0x00000000eb580000,0x00000000ec0fb158,0x00000000ec100000)
  to   space 14336K, 0% used [0x00000000ea500000,0x00000000ea500000,0x00000000eb300000)
 ParOldGen       total 80384K, used 21102K [0x00000000a0000000, 0x00000000a4e80000, 0x00000000e0000000)
  object space 80384K, 26% used [0x00000000a0000000,0x00000000a149b848,0x00000000a4e80000)
 Metaspace       used 46154K, capacity 47136K, committed 47448K, reserved 1089536K
  class space    used 6155K, capacity 6388K, committed 6488K, reserved 1048576K
}
Event: 28.158 GC heap before
{Heap before GC invocations=13 (full 2):
 PSYoungGen      total 166912K, used 166892K [0x00000000e0000000, 0x00000000ec100000, 0x0000000100000000)
  eden space 155136K, 100% used [0x00000000e0000000,0x00000000e9780000,0x00000000e9780000)
  from space 11776K, 99% used [0x00000000eb580000,0x00000000ec0fb158,0x00000000ec100000)
  to   space 14336K, 0% used [0x00000000ea500000,0x00000000ea500000,0x00000000eb300000)
 ParOldGen       total 80384K, used 21102K [0x00000000a0000000, 0x00000000a4e80000, 0x00000000e0000000)
  object space 80384K, 26% used [0x00000000a0000000,0x00000000a149b848,0x00000000a4e80000)
 Metaspace       used 57096K, capacity 58580K, committed 58840K, reserved 1099776K
  class space    used 7707K, capacity 8062K, committed 8152K, reserved 1048576K
Event: 28.233 GC heap after
Heap after GC invocations=13 (full 2):
 PSYoungGen      total 183296K, used 14326K [0x00000000e0000000, 0x00000000eec00000, 0x0000000100000000)
  eden space 168960K, 0% used [0x00000000e0000000,0x00000000e0000000,0x00000000ea500000)
  from space 14336K, 99% used [0x00000000ea500000,0x00000000eb2fd8d8,0x00000000eb300000)
  to   space 19456K, 0% used [0x00000000ed900000,0x00000000ed900000,0x00000000eec00000)
 ParOldGen       total 80384K, used 29918K [0x00000000a0000000, 0x00000000a4e80000, 0x00000000e0000000)
  object space 80384K, 37% used [0x00000000a0000000,0x00000000a1d37a28,0x00000000a4e80000)
 Metaspace       used 57096K, capacity 58580K, committed 58840K, reserved 1099776K
  class space    used 7707K, capacity 8062K, committed 8152K, reserved 1048576K
}
Event: 28.428 GC heap before
{Heap before GC invocations=14 (full 2):
 PSYoungGen      total 183296K, used 24171K [0x00000000e0000000, 0x00000000eec00000, 0x0000000100000000)
  eden space 168960K, 5% used [0x00000000e0000000,0x00000000e099d6d8,0x00000000ea500000)
  from space 14336K, 99% used [0x00000000ea500000,0x00000000eb2fd8d8,0x00000000eb300000)
  to   space 19456K, 0% used [0x00000000ed900000,0x00000000ed900000,0x00000000eec00000)
 ParOldGen       total 80384K, used 29918K [0x00000000a0000000, 0x00000000a4e80000, 0x00000000e0000000)
  object space 80384K, 37% used [0x00000000a0000000,0x00000000a1d37a28,0x00000000a4e80000)
 Metaspace       used 57488K, capacity 58988K, committed 59028K, reserved 1099776K
  class space    used 7778K, capacity 8130K, committed 8152K, reserved 1048576K
Event: 28.460 GC heap after
Heap after GC invocations=14 (full 2):
 PSYoungGen      total 221696K, used 576K [0x00000000e0000000, 0x00000000f1680000, 0x0000000100000000)
  eden space 202240K, 0% used [0x00000000e0000000,0x00000000e0000000,0x00000000ec580000)
  from space 19456K, 2% used [0x00000000ed900000,0x00000000ed990000,0x00000000eec00000)
  to   space 19968K, 0% used [0x00000000ec580000,0x00000000ec580000,0x00000000ed900000)
 ParOldGen       total 80384K, used 37681K [0x00000000a0000000, 0x00000000a4e80000, 0x00000000e0000000)
  object space 80384K, 46% used [0x00000000a0000000,0x00000000a24cc700,0x00000000a4e80000)
 Metaspace       used 57488K, capacity 58988K, committed 59028K, reserved 1099776K
  class space    used 7778K, capacity 8130K, committed 8152K, reserved 1048576K
}
Event: 28.460 GC heap before
{Heap before GC invocations=15 (full 3):
 PSYoungGen      total 221696K, used 576K [0x00000000e0000000, 0x00000000f1680000, 0x0000000100000000)
  eden space 202240K, 0% used [0x00000000e0000000,0x00000000e0000000,0x00000000ec580000)
  from space 19456K, 2% used [0x00000000ed900000,0x00000000ed990000,0x00000000eec00000)
  to   space 19968K, 0% used [0x00000000ec580000,0x00000000ec580000,0x00000000ed900000)
 ParOldGen       total 80384K, used 37681K [0x00000000a0000000, 0x00000000a4e80000, 0x00000000e0000000)
  object space 80384K, 46% used [0x00000000a0000000,0x00000000a24cc700,0x00000000a4e80000)
 Metaspace       used 57488K, capacity 58988K, committed 59028K, reserved 1099776K
  class space    used 7778K, capacity 8130K, committed 8152K, reserved 1048576K
Event: 28.810 GC heap after
Heap after GC invocations=15 (full 3):
 PSYoungGen      total 221696K, used 0K [0x00000000e0000000, 0x00000000f1680000, 0x0000000100000000)
  eden space 202240K, 0% used [0x00000000e0000000,0x00000000e0000000,0x00000000ec580000)
  from space 19456K, 0% used [0x00000000ed900000,0x00000000ed900000,0x00000000eec00000)
  to   space 19968K, 0% used [0x00000000ec580000,0x00000000ec580000,0x00000000ed900000)
 ParOldGen       total 108544K, used 29818K [0x00000000a0000000, 0x00000000a6a00000, 0x00000000e0000000)
  object space 108544K, 27% used [0x00000000a0000000,0x00000000a1d1e8c8,0x00000000a6a00000)
 Metaspace       used 57488K, capacity 58988K, committed 59028K, reserved 1099776K
  class space    used 7778K, capacity 8130K, committed 8152K, reserved 1048576K
}
Event: 371.785 GC heap before
{Heap before GC invocations=16 (full 3):
 PSYoungGen      total 221696K, used 202240K [0x00000000e0000000, 0x00000000f1680000, 0x0000000100000000)
  eden space 202240K, 100% used [0x00000000e0000000,0x00000000ec580000,0x00000000ec580000)
  from space 19456K, 0% used [0x00000000ed900000,0x00000000ed900000,0x00000000eec00000)
  to   space 19968K, 0% used [0x00000000ec580000,0x00000000ec580000,0x00000000ed900000)
 ParOldGen       total 108544K, used 29818K [0x00000000a0000000, 0x00000000a6a00000, 0x00000000e0000000)
  object space 108544K, 27% used [0x00000000a0000000,0x00000000a1d1e8c8,0x00000000a6a00000)
 Metaspace       used 66143K, capacity 68232K, committed 68568K, reserved 1107968K
  class space    used 8636K, capacity 9084K, committed 9176K, reserved 1048576K
Event: 371.829 GC heap after
Heap after GC invocations=16 (full 3):
 PSYoungGen      total 222208K, used 17271K [0x00000000e0000000, 0x00000000f1680000, 0x0000000100000000)
  eden space 202240K, 0% used [0x00000000e0000000,0x00000000e0000000,0x00000000ec580000)
  from space 19968K, 86% used [0x00000000ec580000,0x00000000ed65de60,0x00000000ed900000)
  to   space 19456K, 0% used [0x00000000ed900000,0x00000000ed900000,0x00000000eec00000)
 ParOldGen       total 108544K, used 29826K [0x00000000a0000000, 0x00000000a6a00000, 0x00000000e0000000)
  object space 108544K, 27% used [0x00000000a0000000,0x00000000a1d208c8,0x00000000a6a00000)
 Metaspace       used 66143K, capacity 68232K, committed 68568K, reserved 1107968K
  class space    used 8636K, capacity 9084K, committed 9176K, reserved 1048576K
}

