# JRE version: OpenJDK Runtime Environment (8.0_202-b03) (build 1.8.0_202-release-1483-b03)
# Java VM: OpenJDK 64-Bit Server VM (25.202-b03 mixed mode windows-amd64 compressed oops)
Heap:
 PSYoungGen      total 254464K, used 167925K [0x00000000e0000000, 0x00000000f4080000, 0x0000000100000000)
  eden space 236032K, 67% used [0x00000000e0000000,0x00000000e9ac5b40,0x00000000ee680000)
  from space 18432K, 51% used [0x00000000f0200000,0x00000000f0b37aa0,0x00000000f1400000)
  to   space 28160K, 0% used [0x00000000ee680000,0x00000000ee680000,0x00000000f0200000)
 ParOldGen       total 104960K, used 75224K [0x00000000a0000000, 0x00000000a6680000, 0x00000000e0000000)
  object space 104960K, 71% used [0x00000000a0000000,0x00000000a49761e8,0x00000000a6680000)
 Metaspace       used 85907K, capacity 89722K, committed 89816K, reserved 1126400K
  class space    used 11452K, capacity 12205K, committed 12288K, reserved 1048576K
GC Heap History (10 events):
Event: 17.274 GC heap before
{Heap before GC invocations=17 (full 3):
 PSYoungGen      total 201216K, used 7894K [0x00000000e0000000, 0x00000000ed600000, 0x0000000100000000)
  eden space 184832K, 0% used [0x00000000e0000000,0x00000000e0000000,0x00000000eb480000)
  from space 16384K, 48% used [0x00000000ec400000,0x00000000ecbb5968,0x00000000ed400000)
  to   space 15872K, 0% used [0x00000000eb480000,0x00000000eb480000,0x00000000ec400000)
 ParOldGen       total 71168K, used 28092K [0x00000000a0000000, 0x00000000a4580000, 0x00000000e0000000)
  object space 71168K, 39% used [0x00000000a0000000,0x00000000a1b6f300,0x00000000a4580000)
 Metaspace       used 57465K, capacity 59066K, committed 59096K, reserved 1099776K
  class space    used 7771K, capacity 8185K, committed 8192K, reserved 1048576K
Event: 17.763 GC heap after
Heap after GC invocations=17 (full 3):
 PSYoungGen      total 201216K, used 0K [0x00000000e0000000, 0x00000000ed600000, 0x0000000100000000)
  eden space 184832K, 0% used [0x00000000e0000000,0x00000000e0000000,0x00000000eb480000)
  from space 16384K, 0% used [0x00000000ec400000,0x00000000ec400000,0x00000000ed400000)
  to   space 15872K, 0% used [0x00000000eb480000,0x00000000eb480000,0x00000000ec400000)
 ParOldGen       total 104960K, used 33902K [0x00000000a0000000, 0x00000000a6680000, 0x00000000e0000000)
  object space 104960K, 32% used [0x00000000a0000000,0x00000000a211b900,0x00000000a6680000)
 Metaspace       used 57465K, capacity 59066K, committed 59096K, reserved 1099776K
  class space    used 7771K, capacity 8185K, committed 8192K, reserved 1048576K
}
Event: 22.078 GC heap before
{Heap before GC invocations=18 (full 3):
 PSYoungGen      total 201216K, used 184832K [0x00000000e0000000, 0x00000000ed600000, 0x0000000100000000)
  eden space 184832K, 100% used [0x00000000e0000000,0x00000000eb480000,0x00000000eb480000)
  from space 16384K, 0% used [0x00000000ec400000,0x00000000ec400000,0x00000000ed400000)
  to   space 15872K, 0% used [0x00000000eb480000,0x00000000eb480000,0x00000000ec400000)
 ParOldGen       total 104960K, used 33902K [0x00000000a0000000, 0x00000000a6680000, 0x00000000e0000000)
  object space 104960K, 32% used [0x00000000a0000000,0x00000000a211b900,0x00000000a6680000)
 Metaspace       used 63650K, capacity 65680K, committed 65880K, reserved 1105920K
  class space    used 8556K, capacity 9030K, committed 9088K, reserved 1048576K
Event: 22.121 GC heap after
Heap after GC invocations=18 (full 3):
 PSYoungGen      total 200704K, used 15857K [0x00000000e0000000, 0x00000000f1600000, 0x0000000100000000)
  eden space 184832K, 0% used [0x00000000e0000000,0x00000000e0000000,0x00000000eb480000)
  from space 15872K, 99% used [0x00000000eb480000,0x00000000ec3fc4c0,0x00000000ec400000)
  to   space 20480K, 0% used [0x00000000f0200000,0x00000000f0200000,0x00000000f1600000)
 ParOldGen       total 104960K, used 41125K [0x00000000a0000000, 0x00000000a6680000, 0x00000000e0000000)
  object space 104960K, 39% used [0x00000000a0000000,0x00000000a2829750,0x00000000a6680000)
 Metaspace       used 63650K, capacity 65680K, committed 65880K, reserved 1105920K
  class space    used 8556K, capacity 9030K, committed 9088K, reserved 1048576K
}
Event: 26.203 GC heap before
{Heap before GC invocations=19 (full 3):
 PSYoungGen      total 200704K, used 200689K [0x00000000e0000000, 0x00000000f1600000, 0x0000000100000000)
  eden space 184832K, 100% used [0x00000000e0000000,0x00000000eb480000,0x00000000eb480000)
  from space 15872K, 99% used [0x00000000eb480000,0x00000000ec3fc4c0,0x00000000ec400000)
  to   space 20480K, 0% used [0x00000000f0200000,0x00000000f0200000,0x00000000f1600000)
 ParOldGen       total 104960K, used 41125K [0x00000000a0000000, 0x00000000a6680000, 0x00000000e0000000)
  object space 104960K, 39% used [0x00000000a0000000,0x00000000a2829750,0x00000000a6680000)
 Metaspace       used 69501K, capacity 71864K, committed 72152K, reserved 1112064K
  class space    used 9368K, capacity 9884K, committed 9984K, reserved 1048576K
Event: 26.269 GC heap after
Heap after GC invocations=19 (full 3):
 PSYoungGen      total 257024K, used 15551K [0x00000000e0000000, 0x00000000f1400000, 0x0000000100000000)
  eden space 238592K, 0% used [0x00000000e0000000,0x00000000e0000000,0x00000000ee900000)
  from space 18432K, 84% used [0x00000000f0200000,0x00000000f112ffc0,0x00000000f1400000)
  to   space 22016K, 0% used [0x00000000ee900000,0x00000000ee900000,0x00000000efe80000)
 ParOldGen       total 104960K, used 55609K [0x00000000a0000000, 0x00000000a6680000, 0x00000000e0000000)
  object space 104960K, 52% used [0x00000000a0000000,0x00000000a364e548,0x00000000a6680000)
 Metaspace       used 69501K, capacity 71864K, committed 72152K, reserved 1112064K
  class space    used 9368K, capacity 9884K, committed 9984K, reserved 1048576K
}
Event: 131.426 GC heap before
{Heap before GC invocations=20 (full 3):
 PSYoungGen      total 257024K, used 254143K [0x00000000e0000000, 0x00000000f1400000, 0x0000000100000000)
  eden space 238592K, 100% used [0x00000000e0000000,0x00000000ee900000,0x00000000ee900000)
  from space 18432K, 84% used [0x00000000f0200000,0x00000000f112ffc0,0x00000000f1400000)
  to   space 22016K, 0% used [0x00000000ee900000,0x00000000ee900000,0x00000000efe80000)
 ParOldGen       total 104960K, used 55609K [0x00000000a0000000, 0x00000000a6680000, 0x00000000e0000000)
  object space 104960K, 52% used [0x00000000a0000000,0x00000000a364e548,0x00000000a6680000)
 Metaspace       used 76151K, capacity 78950K, committed 79192K, reserved 1118208K
  class space    used 10051K, capacity 10621K, committed 10624K, reserved 1048576K
Event: 131.475 GC heap after
Heap after GC invocations=20 (full 3):
 PSYoungGen      total 260608K, used 21995K [0x00000000e0000000, 0x00000000f1400000, 0x0000000100000000)
  eden space 238592K, 0% used [0x00000000e0000000,0x00000000e0000000,0x00000000ee900000)
  from space 22016K, 99% used [0x00000000ee900000,0x00000000efe7ac18,0x00000000efe80000)
  to   space 18432K, 0% used [0x00000000f0200000,0x00000000f0200000,0x00000000f1400000)
 ParOldGen       total 104960K, used 67109K [0x00000000a0000000, 0x00000000a6680000, 0x00000000e0000000)
  object space 104960K, 63% used [0x00000000a0000000,0x00000000a4189608,0x00000000a6680000)
 Metaspace       used 76151K, capacity 78950K, committed 79192K, reserved 1118208K
  class space    used 10051K, capacity 10621K, committed 10624K, reserved 1048576K
}
Event: 680.128 GC heap before
{Heap before GC invocations=21 (full 3):
 PSYoungGen      total 260608K, used 260587K [0x00000000e0000000, 0x00000000f1400000, 0x0000000100000000)
  eden space 238592K, 100% used [0x00000000e0000000,0x00000000ee900000,0x00000000ee900000)
  from space 22016K, 99% used [0x00000000ee900000,0x00000000efe7ac18,0x00000000efe80000)
  to   space 18432K, 0% used [0x00000000f0200000,0x00000000f0200000,0x00000000f1400000)
 ParOldGen       total 104960K, used 67109K [0x00000000a0000000, 0x00000000a6680000, 0x00000000e0000000)
  object space 104960K, 63% used [0x00000000a0000000,0x00000000a4189608,0x00000000a6680000)
 Metaspace       used 77134K, capacity 79978K, committed 80088K, reserved 1118208K
  class space    used 10133K, capacity 10713K, committed 10752K, reserved 1048576K
Event: 680.174 GC heap after
Heap after GC invocations=21 (full 3):
 PSYoungGen      total 254464K, used 9438K [0x00000000e0000000, 0x00000000f4080000, 0x0000000100000000)
  eden space 236032K, 0% used [0x00000000e0000000,0x00000000e0000000,0x00000000ee680000)
  from space 18432K, 51% used [0x00000000f0200000,0x00000000f0b37aa0,0x00000000f1400000)
  to   space 28160K, 0% used [0x00000000ee680000,0x00000000ee680000,0x00000000f0200000)
 ParOldGen       total 104960K, used 75224K [0x00000000a0000000, 0x00000000a6680000, 0x00000000e0000000)
  object space 104960K, 71% used [0x00000000a0000000,0x00000000a49761e8,0x00000000a6680000)
 Metaspace       used 77134K, capacity 79978K, committed 80088K, reserved 1118208K
  class space    used 10133K, capacity 10713K, committed 10752K, reserved 1048576K
}

