# JRE version: OpenJDK Runtime Environment (8.0_202-b03) (build 1.8.0_202-release-1483-b03)
# Java VM: OpenJDK 64-Bit Server VM (25.202-b03 mixed mode windows-amd64 compressed oops)
Heap:
 PSYoungGen      total 242688K, used 91843K [0x00000000e0000000, 0x00000000f0780000, 0x0000000100000000)
  eden space 222208K, 32% used [0x00000000e0000000,0x00000000e462ba68,0x00000000ed900000)
  from space 20480K, 97% used [0x00000000ef380000,0x00000000f0705350,0x00000000f0780000)
  to   space 23552K, 0% used [0x00000000ed980000,0x00000000ed980000,0x00000000ef080000)
 ParOldGen       total 123392K, used 31536K [0x00000000a0000000, 0x00000000a7880000, 0x00000000e0000000)
  object space 123392K, 25% used [0x00000000a0000000,0x00000000a1ecc268,0x00000000a7880000)
 Metaspace       used 70936K, capacity 73298K, committed 73432K, reserved 1112064K
  class space    used 9302K, capacity 9847K, committed 9944K, reserved 1048576K
GC Heap History (10 events):
Event: 19.673 GC heap before
{Heap before GC invocations=13 (full 2):
 PSYoungGen      total 158720K, used 158719K [0x00000000e0000000, 0x00000000ead80000, 0x0000000100000000)
  eden space 146944K, 100% used [0x00000000e0000000,0x00000000e8f80000,0x00000000e8f80000)
  from space 11776K, 99% used [0x00000000ea200000,0x00000000ead7ff80,0x00000000ead80000)
  to   space 14336K, 0% used [0x00000000e9180000,0x00000000e9180000,0x00000000e9f80000)
 ParOldGen       total 82432K, used 20377K [0x00000000a0000000, 0x00000000a5080000, 0x00000000e0000000)
  object space 82432K, 24% used [0x00000000a0000000,0x00000000a13e6488,0x00000000a5080000)
 Metaspace       used 55679K, capacity 57258K, committed 57560K, reserved 1099776K
  class space    used 7481K, capacity 7849K, committed 7896K, reserved 1048576K
Event: 19.703 GC heap after
Heap after GC invocations=13 (full 2):
 PSYoungGen      total 163328K, used 14314K [0x00000000e0000000, 0x00000000edf00000, 0x0000000100000000)
  eden space 148992K, 0% used [0x00000000e0000000,0x00000000e0000000,0x00000000e9180000)
  from space 14336K, 99% used [0x00000000e9180000,0x00000000e9f7aa58,0x00000000e9f80000)
  to   space 18944K, 0% used [0x00000000ecc80000,0x00000000ecc80000,0x00000000edf00000)
 ParOldGen       total 82432K, used 28492K [0x00000000a0000000, 0x00000000a5080000, 0x00000000e0000000)
  object space 82432K, 34% used [0x00000000a0000000,0x00000000a1bd3040,0x00000000a5080000)
 Metaspace       used 55679K, capacity 57258K, committed 57560K, reserved 1099776K
  class space    used 7481K, capacity 7849K, committed 7896K, reserved 1048576K
}
Event: 20.297 GC heap before
{Heap before GC invocations=14 (full 2):
 PSYoungGen      total 163328K, used 42915K [0x00000000e0000000, 0x00000000edf00000, 0x0000000100000000)
  eden space 148992K, 19% used [0x00000000e0000000,0x00000000e1bee430,0x00000000e9180000)
  from space 14336K, 99% used [0x00000000e9180000,0x00000000e9f7aa58,0x00000000e9f80000)
  to   space 18944K, 0% used [0x00000000ecc80000,0x00000000ecc80000,0x00000000edf00000)
 ParOldGen       total 82432K, used 28492K [0x00000000a0000000, 0x00000000a5080000, 0x00000000e0000000)
  object space 82432K, 34% used [0x00000000a0000000,0x00000000a1bd3040,0x00000000a5080000)
 Metaspace       used 57502K, capacity 58994K, committed 59028K, reserved 1099776K
  class space    used 7755K, capacity 8143K, committed 8152K, reserved 1048576K
Event: 20.317 GC heap after
Heap after GC invocations=14 (full 2):
 PSYoungGen      total 209408K, used 2480K [0x00000000e0000000, 0x00000000ee680000, 0x0000000100000000)
  eden space 190464K, 0% used [0x00000000e0000000,0x00000000e0000000,0x00000000eba00000)
  from space 18944K, 13% used [0x00000000ecc80000,0x00000000eceec3f8,0x00000000edf00000)
  to   space 18944K, 0% used [0x00000000eba00000,0x00000000eba00000,0x00000000ecc80000)
 ParOldGen       total 82432K, used 36662K [0x00000000a0000000, 0x00000000a5080000, 0x00000000e0000000)
  object space 82432K, 44% used [0x00000000a0000000,0x00000000a23cd8a0,0x00000000a5080000)
 Metaspace       used 57502K, capacity 58994K, committed 59028K, reserved 1099776K
  class space    used 7755K, capacity 8143K, committed 8152K, reserved 1048576K
}
Event: 20.317 GC heap before
{Heap before GC invocations=15 (full 3):
 PSYoungGen      total 209408K, used 2480K [0x00000000e0000000, 0x00000000ee680000, 0x0000000100000000)
  eden space 190464K, 0% used [0x00000000e0000000,0x00000000e0000000,0x00000000eba00000)
  from space 18944K, 13% used [0x00000000ecc80000,0x00000000eceec3f8,0x00000000edf00000)
  to   space 18944K, 0% used [0x00000000eba00000,0x00000000eba00000,0x00000000ecc80000)
 ParOldGen       total 82432K, used 36662K [0x00000000a0000000, 0x00000000a5080000, 0x00000000e0000000)
  object space 82432K, 44% used [0x00000000a0000000,0x00000000a23cd8a0,0x00000000a5080000)
 Metaspace       used 57502K, capacity 58994K, committed 59028K, reserved 1099776K
  class space    used 7755K, capacity 8143K, committed 8152K, reserved 1048576K
Event: 20.809 GC heap after
Heap after GC invocations=15 (full 3):
 PSYoungGen      total 209408K, used 0K [0x00000000e0000000, 0x00000000ee680000, 0x0000000100000000)
  eden space 190464K, 0% used [0x00000000e0000000,0x00000000e0000000,0x00000000eba00000)
  from space 18944K, 0% used [0x00000000ecc80000,0x00000000ecc80000,0x00000000edf00000)
  to   space 18944K, 0% used [0x00000000eba00000,0x00000000eba00000,0x00000000ecc80000)
 ParOldGen       total 123392K, used 31520K [0x00000000a0000000, 0x00000000a7880000, 0x00000000e0000000)
  object space 123392K, 25% used [0x00000000a0000000,0x00000000a1ec8268,0x00000000a7880000)
 Metaspace       used 57502K, capacity 58994K, committed 59028K, reserved 1099776K
  class space    used 7755K, capacity 8143K, committed 8152K, reserved 1048576K
}
Event: 61.009 GC heap before
{Heap before GC invocations=16 (full 3):
 PSYoungGen      total 209408K, used 190464K [0x00000000e0000000, 0x00000000ee680000, 0x0000000100000000)
  eden space 190464K, 100% used [0x00000000e0000000,0x00000000eba00000,0x00000000eba00000)
  from space 18944K, 0% used [0x00000000ecc80000,0x00000000ecc80000,0x00000000edf00000)
  to   space 18944K, 0% used [0x00000000eba00000,0x00000000eba00000,0x00000000ecc80000)
 ParOldGen       total 123392K, used 31520K [0x00000000a0000000, 0x00000000a7880000, 0x00000000e0000000)
  object space 123392K, 25% used [0x00000000a0000000,0x00000000a1ec8268,0x00000000a7880000)
 Metaspace       used 65791K, capacity 67886K, committed 68056K, reserved 1107968K
  class space    used 8610K, capacity 9067K, committed 9176K, reserved 1048576K
Event: 61.060 GC heap after
Heap after GC invocations=16 (full 3):
 PSYoungGen      total 209408K, used 15908K [0x00000000e0000000, 0x00000000f0800000, 0x0000000100000000)
  eden space 190464K, 0% used [0x00000000e0000000,0x00000000e0000000,0x00000000eba00000)
  from space 18944K, 83% used [0x00000000eba00000,0x00000000ec989078,0x00000000ecc80000)
  to   space 20992K, 0% used [0x00000000ef380000,0x00000000ef380000,0x00000000f0800000)
 ParOldGen       total 123392K, used 31528K [0x00000000a0000000, 0x00000000a7880000, 0x00000000e0000000)
  object space 123392K, 25% used [0x00000000a0000000,0x00000000a1eca268,0x00000000a7880000)
 Metaspace       used 65791K, capacity 67886K, committed 68056K, reserved 1107968K
  class space    used 8610K, capacity 9067K, committed 9176K, reserved 1048576K
}
Event: 100.067 GC heap before
{Heap before GC invocations=17 (full 3):
 PSYoungGen      total 209408K, used 206372K [0x00000000e0000000, 0x00000000f0800000, 0x0000000100000000)
  eden space 190464K, 100% used [0x00000000e0000000,0x00000000eba00000,0x00000000eba00000)
  from space 18944K, 83% used [0x00000000eba00000,0x00000000ec989078,0x00000000ecc80000)
  to   space 20992K, 0% used [0x00000000ef380000,0x00000000ef380000,0x00000000f0800000)
 ParOldGen       total 123392K, used 31528K [0x00000000a0000000, 0x00000000a7880000, 0x00000000e0000000)
  object space 123392K, 25% used [0x00000000a0000000,0x00000000a1eca268,0x00000000a7880000)
 Metaspace       used 70666K, capacity 73106K, committed 73432K, reserved 1112064K
  class space    used 9297K, capacity 9839K, committed 9944K, reserved 1048576K
Event: 100.118 GC heap after
Heap after GC invocations=17 (full 3):
 PSYoungGen      total 242688K, used 19988K [0x00000000e0000000, 0x00000000f0780000, 0x0000000100000000)
  eden space 222208K, 0% used [0x00000000e0000000,0x00000000e0000000,0x00000000ed900000)
  from space 20480K, 97% used [0x00000000ef380000,0x00000000f0705350,0x00000000f0780000)
  to   space 23552K, 0% used [0x00000000ed980000,0x00000000ed980000,0x00000000ef080000)
 ParOldGen       total 123392K, used 31536K [0x00000000a0000000, 0x00000000a7880000, 0x00000000e0000000)
  object space 123392K, 25% used [0x00000000a0000000,0x00000000a1ecc268,0x00000000a7880000)
 Metaspace       used 70666K, capacity 73106K, committed 73432K, reserved 1112064K
  class space    used 9297K, capacity 9839K, committed 9944K, reserved 1048576K
}

