# JRE version: OpenJDK Runtime Environment (8.0_202-b03) (build 1.8.0_202-release-1483-b03)
# Java VM: OpenJDK 64-Bit Server VM (25.202-b03 mixed mode windows-amd64 compressed oops)
Heap:
 PSYoungGen      total 158208K, used 48359K [0x00000000e0000000, 0x00000000ecb00000, 0x0000000100000000)
  eden space 144384K, 23% used [0x00000000e0000000,0x00000000e21be130,0x00000000e8d00000)
  from space 13824K, 99% used [0x00000000e8d00000,0x00000000e9a7bc50,0x00000000e9a80000)
  to   space 17920K, 0% used [0x00000000eb980000,0x00000000eb980000,0x00000000ecb00000)
 ParOldGen       total 90624K, used 26424K [0x00000000a0000000, 0x00000000a5880000, 0x00000000e0000000)
  object space 90624K, 29% used [0x00000000a0000000,0x00000000a19ce180,0x00000000a5880000)
 Metaspace       used 57133K, capacity 58688K, committed 58880K, reserved 1099776K
  class space    used 7724K, capacity 8110K, committed 8192K, reserved 1048576K
GC Heap History (10 events):
Event: 11.406 GC heap before
{Heap before GC invocations=9 (full 1):
 PSYoungGen      total 76800K, used 74657K [0x00000000e0000000, 0x00000000e7d80000, 0x0000000100000000)
  eden space 66560K, 100% used [0x00000000e0000000,0x00000000e4100000,0x00000000e4100000)
  from space 10240K, 79% used [0x00000000e4100000,0x00000000e48e8508,0x00000000e4b00000)
  to   space 10752K, 0% used [0x00000000e7300000,0x00000000e7300000,0x00000000e7d80000)
 ParOldGen       total 61440K, used 10754K [0x00000000a0000000, 0x00000000a3c00000, 0x00000000e0000000)
  object space 61440K, 17% used [0x00000000a0000000,0x00000000a0a80aa8,0x00000000a3c00000)
 Metaspace       used 32266K, capacity 32930K, committed 33152K, reserved 1077248K
  class space    used 4448K, capacity 4624K, committed 4736K, reserved 1048576K
Event: 11.481 GC heap after
Heap after GC invocations=9 (full 1):
 PSYoungGen      total 117248K, used 9010K [0x00000000e0000000, 0x00000000e8280000, 0x0000000100000000)
  eden space 106496K, 0% used [0x00000000e0000000,0x00000000e0000000,0x00000000e6800000)
  from space 10752K, 83% used [0x00000000e7300000,0x00000000e7bcc908,0x00000000e7d80000)
  to   space 11264K, 0% used [0x00000000e6800000,0x00000000e6800000,0x00000000e7300000)
 ParOldGen       total 61440K, used 10754K [0x00000000a0000000, 0x00000000a3c00000, 0x00000000e0000000)
  object space 61440K, 17% used [0x00000000a0000000,0x00000000a0a80aa8,0x00000000a3c00000)
 Metaspace       used 32266K, capacity 32930K, committed 33152K, reserved 1077248K
  class space    used 4448K, capacity 4624K, committed 4736K, reserved 1048576K
}
Event: 12.998 GC heap before
{Heap before GC invocations=10 (full 1):
 PSYoungGen      total 117248K, used 58874K [0x00000000e0000000, 0x00000000e8280000, 0x0000000100000000)
  eden space 106496K, 46% used [0x00000000e0000000,0x00000000e30b1f98,0x00000000e6800000)
  from space 10752K, 83% used [0x00000000e7300000,0x00000000e7bcc908,0x00000000e7d80000)
  to   space 11264K, 0% used [0x00000000e6800000,0x00000000e6800000,0x00000000e7300000)
 ParOldGen       total 61440K, used 10754K [0x00000000a0000000, 0x00000000a3c00000, 0x00000000e0000000)
  object space 61440K, 17% used [0x00000000a0000000,0x00000000a0a80aa8,0x00000000a3c00000)
 Metaspace       used 34673K, capacity 35384K, committed 35456K, reserved 1079296K
  class space    used 4768K, capacity 4953K, committed 4992K, reserved 1048576K
Event: 13.024 GC heap after
Heap after GC invocations=10 (full 1):
 PSYoungGen      total 117760K, used 10322K [0x00000000e0000000, 0x00000000ea800000, 0x0000000100000000)
  eden space 106496K, 0% used [0x00000000e0000000,0x00000000e0000000,0x00000000e6800000)
  from space 11264K, 91% used [0x00000000e6800000,0x00000000e7214868,0x00000000e7300000)
  to   space 11776K, 0% used [0x00000000e9c80000,0x00000000e9c80000,0x00000000ea800000)
 ParOldGen       total 61440K, used 10762K [0x00000000a0000000, 0x00000000a3c00000, 0x00000000e0000000)
  object space 61440K, 17% used [0x00000000a0000000,0x00000000a0a82aa8,0x00000000a3c00000)
 Metaspace       used 34673K, capacity 35384K, committed 35456K, reserved 1079296K
  class space    used 4768K, capacity 4953K, committed 4992K, reserved 1048576K
}
Event: 13.024 GC heap before
{Heap before GC invocations=11 (full 2):
 PSYoungGen      total 117760K, used 10322K [0x00000000e0000000, 0x00000000ea800000, 0x0000000100000000)
  eden space 106496K, 0% used [0x00000000e0000000,0x00000000e0000000,0x00000000e6800000)
  from space 11264K, 91% used [0x00000000e6800000,0x00000000e7214868,0x00000000e7300000)
  to   space 11776K, 0% used [0x00000000e9c80000,0x00000000e9c80000,0x00000000ea800000)
 ParOldGen       total 61440K, used 10762K [0x00000000a0000000, 0x00000000a3c00000, 0x00000000e0000000)
  object space 61440K, 17% used [0x00000000a0000000,0x00000000a0a82aa8,0x00000000a3c00000)
 Metaspace       used 34673K, capacity 35384K, committed 35456K, reserved 1079296K
  class space    used 4768K, capacity 4953K, committed 4992K, reserved 1048576K
Event: 13.196 GC heap after
Heap after GC invocations=11 (full 2):
 PSYoungGen      total 117760K, used 0K [0x00000000e0000000, 0x00000000ea800000, 0x0000000100000000)
  eden space 106496K, 0% used [0x00000000e0000000,0x00000000e0000000,0x00000000e6800000)
  from space 11264K, 0% used [0x00000000e6800000,0x00000000e6800000,0x00000000e7300000)
  to   space 11776K, 0% used [0x00000000e9c80000,0x00000000e9c80000,0x00000000ea800000)
 ParOldGen       total 90624K, used 17156K [0x00000000a0000000, 0x00000000a5880000, 0x00000000e0000000)
  object space 90624K, 18% used [0x00000000a0000000,0x00000000a10c10c0,0x00000000a5880000)
 Metaspace       used 34667K, capacity 35360K, committed 35456K, reserved 1079296K
  class space    used 4766K, capacity 4949K, committed 4992K, reserved 1048576K
}
Event: 15.887 GC heap before
{Heap before GC invocations=12 (full 2):
 PSYoungGen      total 117760K, used 106496K [0x00000000e0000000, 0x00000000ea800000, 0x0000000100000000)
  eden space 106496K, 100% used [0x00000000e0000000,0x00000000e6800000,0x00000000e6800000)
  from space 11264K, 0% used [0x00000000e6800000,0x00000000e6800000,0x00000000e7300000)
  to   space 11776K, 0% used [0x00000000e9c80000,0x00000000e9c80000,0x00000000ea800000)
 ParOldGen       total 90624K, used 17156K [0x00000000a0000000, 0x00000000a5880000, 0x00000000e0000000)
  object space 90624K, 18% used [0x00000000a0000000,0x00000000a10c10c0,0x00000000a5880000)
 Metaspace       used 45366K, capacity 46282K, committed 46592K, reserved 1089536K
  class space    used 6092K, capacity 6345K, committed 6400K, reserved 1048576K
Event: 15.913 GC heap after
Heap after GC invocations=12 (full 2):
 PSYoungGen      total 147456K, used 11764K [0x00000000e0000000, 0x00000000ea800000, 0x0000000100000000)
  eden space 135680K, 0% used [0x00000000e0000000,0x00000000e0000000,0x00000000e8480000)
  from space 11776K, 99% used [0x00000000e9c80000,0x00000000ea7fd3c0,0x00000000ea800000)
  to   space 13824K, 0% used [0x00000000e8d00000,0x00000000e8d00000,0x00000000e9a80000)
 ParOldGen       total 90624K, used 19323K [0x00000000a0000000, 0x00000000a5880000, 0x00000000e0000000)
  object space 90624K, 21% used [0x00000000a0000000,0x00000000a12def50,0x00000000a5880000)
 Metaspace       used 45366K, capacity 46282K, committed 46592K, reserved 1089536K
  class space    used 6092K, capacity 6345K, committed 6400K, reserved 1048576K
}
Event: 19.496 GC heap before
{Heap before GC invocations=13 (full 2):
 PSYoungGen      total 147456K, used 147444K [0x00000000e0000000, 0x00000000ea800000, 0x0000000100000000)
  eden space 135680K, 100% used [0x00000000e0000000,0x00000000e8480000,0x00000000e8480000)
  from space 11776K, 99% used [0x00000000e9c80000,0x00000000ea7fd3c0,0x00000000ea800000)
  to   space 13824K, 0% used [0x00000000e8d00000,0x00000000e8d00000,0x00000000e9a80000)
 ParOldGen       total 90624K, used 19323K [0x00000000a0000000, 0x00000000a5880000, 0x00000000e0000000)
  object space 90624K, 21% used [0x00000000a0000000,0x00000000a12def50,0x00000000a5880000)
 Metaspace       used 54112K, capacity 55656K, committed 55936K, reserved 1097728K
  class space    used 7311K, capacity 7722K, committed 7808K, reserved 1048576K
Event: 19.552 GC heap after
Heap after GC invocations=13 (full 2):
 PSYoungGen      total 158208K, used 13807K [0x00000000e0000000, 0x00000000ecb00000, 0x0000000100000000)
  eden space 144384K, 0% used [0x00000000e0000000,0x00000000e0000000,0x00000000e8d00000)
  from space 13824K, 99% used [0x00000000e8d00000,0x00000000e9a7bc50,0x00000000e9a80000)
  to   space 17920K, 0% used [0x00000000eb980000,0x00000000eb980000,0x00000000ecb00000)
 ParOldGen       total 90624K, used 26424K [0x00000000a0000000, 0x00000000a5880000, 0x00000000e0000000)
  object space 90624K, 29% used [0x00000000a0000000,0x00000000a19ce180,0x00000000a5880000)
 Metaspace       used 54112K, capacity 55656K, committed 55936K, reserved 1097728K
  class space    used 7311K, capacity 7722K, committed 7808K, reserved 1048576K
}

